Started GET "/" for ::1 at 2020-05-16 11:04:23 -0500
  [1m[35m (0.9ms)[0m  [1m[35mSET NAMES utf8,  @@SESSION.sql_mode = CONCAT(CONCAT(@@sql_mode, ',STRICT_ALL_TABLES'), ',NO_AUTO_VALUE_ON_ZERO'),  @@SESSION.sql_auto_is_null = 0, @@SESSION.wait_timeout = 2147483[0m
  ↳ /Users/jeisson/.rvm/rubies/ruby-2.5.1/lib/ruby/gems/2.5.0/gems/sprockets-rails-3.2.1/lib/sprockets/rails/quiet_assets.rb:13
Processing by HomeController#index as HTML
  Rendering home/index.html.erb
  Rendered home/index.html.erb (2.2ms)
Completed 200 OK in 23ms (Views: 13.9ms | ActiveRecord: 0.0ms)


Started GET "/" for ::1 at 2020-05-16 11:04:26 -0500
Processing by HomeController#index as HTML
  Rendering home/index.html.erb
  Rendered home/index.html.erb (0.5ms)
Completed 200 OK in 13ms (Views: 9.0ms | ActiveRecord: 0.0ms)


Started GET "/" for ::1 at 2020-05-16 11:08:29 -0500
Processing by HomeController#index as HTML
  Rendering home/index.html.erb
  Rendered home/index.html.erb (0.5ms)
Completed 200 OK in 11ms (Views: 7.3ms | ActiveRecord: 0.0ms)


Started GET "/" for ::1 at 2020-05-16 11:17:19 -0500
  [1m[35m (0.6ms)[0m  [1m[35mSET NAMES utf8,  @@SESSION.sql_mode = CONCAT(CONCAT(@@sql_mode, ',STRICT_ALL_TABLES'), ',NO_AUTO_VALUE_ON_ZERO'),  @@SESSION.sql_auto_is_null = 0, @@SESSION.wait_timeout = 2147483[0m
  ↳ /Users/jeisson/.rvm/rubies/ruby-2.5.1/lib/ruby/gems/2.5.0/gems/sprockets-rails-3.2.1/lib/sprockets/rails/quiet_assets.rb:13
Processing by HomeController#index as HTML
  Rendering home/index.html.erb
  Rendered home/index.html.erb (1.8ms)
Completed 200 OK in 20ms (Views: 13.9ms | ActiveRecord: 0.0ms)


Started GET "/" for ::1 at 2020-05-16 11:20:36 -0500
Processing by HomeController#index as HTML
  Rendering home/index.html.erb
  Rendered home/index.html.erb (1.2ms)
Completed 200 OK in 11ms (Views: 7.8ms | ActiveRecord: 0.0ms)


Started GET "/" for ::1 at 2020-05-16 11:20:37 -0500
Processing by HomeController#index as HTML
  Rendering home/index.html.erb
  Rendered home/index.html.erb (0.5ms)
Completed 200 OK in 12ms (Views: 8.5ms | ActiveRecord: 0.0ms)


Started GET "/" for ::1 at 2020-05-16 11:20:37 -0500
Processing by HomeController#index as HTML
  Rendering home/index.html.erb
  Rendered home/index.html.erb (0.5ms)
Completed 200 OK in 9ms (Views: 6.7ms | ActiveRecord: 0.0ms)


Started GET "/" for ::1 at 2020-05-16 11:20:37 -0500
Processing by HomeController#index as HTML
  Rendering home/index.html.erb
  Rendered home/index.html.erb (0.3ms)
Completed 200 OK in 9ms (Views: 5.9ms | ActiveRecord: 0.0ms)


Started GET "/" for ::1 at 2020-05-16 11:20:37 -0500
Processing by HomeController#index as HTML
  Rendering home/index.html.erb
  Rendered home/index.html.erb (0.5ms)
Completed 200 OK in 8ms (Views: 5.9ms | ActiveRecord: 0.0ms)


Started GET "/" for ::1 at 2020-05-16 11:22:30 -0500
  [1m[35m (4.1ms)[0m  [1m[35mSET NAMES utf8,  @@SESSION.sql_mode = CONCAT(CONCAT(@@sql_mode, ',STRICT_ALL_TABLES'), ',NO_AUTO_VALUE_ON_ZERO'),  @@SESSION.sql_auto_is_null = 0, @@SESSION.wait_timeout = 2147483[0m
  ↳ /Users/jeisson/.rvm/rubies/ruby-2.5.1/lib/ruby/gems/2.5.0/gems/sprockets-rails-3.2.1/lib/sprockets/rails/quiet_assets.rb:13
Processing by HomeController#index as HTML
  Rendering home/index.html.erb
  Rendered home/index.html.erb (1.6ms)
Completed 200 OK in 24ms (Views: 16.8ms | ActiveRecord: 0.0ms)


Started GET "/" for ::1 at 2020-05-16 11:27:45 -0500
Processing by HomeController#index as HTML
  Rendering home/index.html.erb
  Rendered home/index.html.erb (213.8ms)
Completed 500 Internal Server Error in 226ms (ActiveRecord: 0.0ms)


  
ActionView::Template::Error (Error: File to import not found or unreadable: bootstrap-sprockets.
        on line 18:2 of app/assets/stylesheets/application.scss
>>  @import "bootstrap-sprockets";

   -^
):
    3: 
    4: <head>
    5:   <title>Algo</title>
    6:   <%= stylesheet_link_tag    'application', media: 'all' %>
    7:   <%= csrf_meta_tags %>
    8: 
    9:   <!-- Javascripts -->
  
app/assets/stylesheets/application.scss:18
app/views/home/index.html.erb:6:in `_app_views_home_index_html_erb__2002040609661492701_70244813544740'
Started GET "/" for ::1 at 2020-05-16 11:28:16 -0500
Processing by HomeController#index as HTML
  Rendering home/index.html.erb
  Rendered home/index.html.erb (20.6ms)
Completed 500 Internal Server Error in 32ms (ActiveRecord: 0.0ms)


  
ActionView::Template::Error (Error: File to import not found or unreadable: bootstrap-custom.
        on line 18:2 of app/assets/stylesheets/application.scss
>>  @import 'bootstrap-custom';

   -^
):
    3: 
    4: <head>
    5:   <title>Algo</title>
    6:   <%= stylesheet_link_tag    'application', media: 'all' %>
    7:   <%= csrf_meta_tags %>
    8: 
    9:   <!-- Javascripts -->
  
app/assets/stylesheets/application.scss:18
app/views/home/index.html.erb:6:in `_app_views_home_index_html_erb__2002040609661492701_70244858113920'
Started GET "/" for ::1 at 2020-05-16 11:29:29 -0500
  [1m[35m (0.5ms)[0m  [1m[35mSET NAMES utf8,  @@SESSION.sql_mode = CONCAT(CONCAT(@@sql_mode, ',STRICT_ALL_TABLES'), ',NO_AUTO_VALUE_ON_ZERO'),  @@SESSION.sql_auto_is_null = 0, @@SESSION.wait_timeout = 2147483[0m
  ↳ /Users/jeisson/.rvm/rubies/ruby-2.5.1/lib/ruby/gems/2.5.0/gems/sprockets-rails-3.2.1/lib/sprockets/rails/quiet_assets.rb:13
Processing by HomeController#index as HTML
  Rendering home/index.html.erb
  Rendered home/index.html.erb (222.2ms)
Completed 500 Internal Server Error in 243ms (ActiveRecord: 0.0ms)


  
ActionView::Template::Error (File to import not found or unreadable: bootstrap-custom.
Load paths:
  /Users/jeisson/RailsApps/Viaggiatori/app/assets/config
  /Users/jeisson/RailsApps/Viaggiatori/app/assets/images
  /Users/jeisson/RailsApps/Viaggiatori/app/assets/javascripts
  /Users/jeisson/RailsApps/Viaggiatori/app/assets/stylesheets
  /Users/jeisson/.rvm/gems/ruby-2.5.1/gems/jquery-rails-4.4.0/vendor/assets/javascripts
  /Users/jeisson/.rvm/gems/ruby-2.5.1/gems/coffee-rails-4.2.2/lib/assets/javascripts
  /Users/jeisson/.rvm/gems/ruby-2.5.1/gems/actioncable-5.2.4.2/lib/assets/compiled
  /Users/jeisson/.rvm/gems/ruby-2.5.1/gems/activestorage-5.2.4.2/app/assets/javascripts
  /Users/jeisson/.rvm/gems/ruby-2.5.1/gems/actionview-5.2.4.2/lib/assets/compiled
  /Users/jeisson/.rvm/gems/ruby-2.5.1/gems/turbolinks-source-5.2.0/lib/assets/javascripts
  /Users/jeisson/RailsApps/Viaggiatori/node_modules
  /Users/jeisson/.rvm/gems/ruby-2.5.1/gems/bootstrap-sass-3.4.1/assets/stylesheets
  /Users/jeisson/.rvm/gems/ruby-2.5.1/gems/bootstrap-sass-3.4.1/assets/javascripts
  /Users/jeisson/.rvm/gems/ruby-2.5.1/gems/bootstrap-sass-3.4.1/assets/fonts
  /Users/jeisson/.rvm/gems/ruby-2.5.1/gems/bootstrap-sass-3.4.1/assets/images):
    3: 
    4: <head>
    5:   <title>Algo</title>
    6:   <%= stylesheet_link_tag    'application', media: 'all' %>
    7:   <%= csrf_meta_tags %>
    8: 
    9:   <!-- Javascripts -->
  
app/assets/stylesheets/application.scss:18
app/views/home/index.html.erb:6:in `_app_views_home_index_html_erb__3931157767365588404_70219671067520'
Started GET "/" for ::1 at 2020-05-16 11:29:47 -0500
Processing by HomeController#index as HTML
  Rendering home/index.html.erb
  Rendered home/index.html.erb (5475.0ms)
Completed 500 Internal Server Error in 5494ms (ActiveRecord: 0.0ms)


  
ActionView::Template::Error (couldn't find file 'popper' with type 'application/javascript'
Checked in these paths: 
  /Users/jeisson/RailsApps/Viaggiatori/app/assets/config
  /Users/jeisson/RailsApps/Viaggiatori/app/assets/images
  /Users/jeisson/RailsApps/Viaggiatori/app/assets/javascripts
  /Users/jeisson/RailsApps/Viaggiatori/app/assets/stylesheets
  /Users/jeisson/.rvm/gems/ruby-2.5.1/gems/jquery-rails-4.4.0/vendor/assets/javascripts
  /Users/jeisson/.rvm/gems/ruby-2.5.1/gems/coffee-rails-4.2.2/lib/assets/javascripts
  /Users/jeisson/.rvm/gems/ruby-2.5.1/gems/actioncable-5.2.4.2/lib/assets/compiled
  /Users/jeisson/.rvm/gems/ruby-2.5.1/gems/activestorage-5.2.4.2/app/assets/javascripts
  /Users/jeisson/.rvm/gems/ruby-2.5.1/gems/actionview-5.2.4.2/lib/assets/compiled
  /Users/jeisson/.rvm/gems/ruby-2.5.1/gems/turbolinks-source-5.2.0/lib/assets/javascripts
  /Users/jeisson/RailsApps/Viaggiatori/node_modules
  /Users/jeisson/.rvm/gems/ruby-2.5.1/gems/bootstrap-sass-3.4.1/assets/stylesheets
  /Users/jeisson/.rvm/gems/ruby-2.5.1/gems/bootstrap-sass-3.4.1/assets/javascripts
  /Users/jeisson/.rvm/gems/ruby-2.5.1/gems/bootstrap-sass-3.4.1/assets/fonts
  /Users/jeisson/.rvm/gems/ruby-2.5.1/gems/bootstrap-sass-3.4.1/assets/images):
    3: 
    4: <head>
    5:   <title>Algo</title>
    6:   <%= stylesheet_link_tag    'application', media: 'all' %>
    7:   <%= csrf_meta_tags %>
    8: 
    9:   <!-- Javascripts -->
  
app/assets/javascripts/application.js:18
app/views/home/index.html.erb:6:in `_app_views_home_index_html_erb__3931157767365588404_70219699588860'
Started GET "/" for ::1 at 2020-05-16 11:30:16 -0500
Processing by HomeController#index as HTML
  Rendering home/index.html.erb
  Rendered home/index.html.erb (861.3ms)
Completed 200 OK in 875ms (Views: 871.1ms | ActiveRecord: 0.0ms)


Started GET "/" for ::1 at 2020-05-16 12:08:22 -0500
  [1m[35m (0.9ms)[0m  [1m[35mSET NAMES utf8,  @@SESSION.sql_mode = CONCAT(CONCAT(@@sql_mode, ',STRICT_ALL_TABLES'), ',NO_AUTO_VALUE_ON_ZERO'),  @@SESSION.sql_auto_is_null = 0, @@SESSION.wait_timeout = 2147483[0m
  ↳ /Users/jeisson/.rvm/rubies/ruby-2.5.1/lib/ruby/gems/2.5.0/gems/sprockets-rails-3.2.1/lib/sprockets/rails/quiet_assets.rb:13
Processing by HomeController#index as HTML
  Rendering home/index.html.erb
  Rendered home/_menu.html.erb (1.1ms)
  Rendered home/index.html.erb (210.5ms)
Completed 200 OK in 226ms (Views: 217.5ms | ActiveRecord: 0.0ms)


Started GET "/images/Logo.png" for ::1 at 2020-05-16 12:08:22 -0500
  
ActionController::RoutingError (No route matches [GET] "/images/Logo.png"):
  
actionpack (5.2.4.2) lib/action_dispatch/middleware/debug_exceptions.rb:65:in `call'
web-console (3.7.0) lib/web_console/middleware.rb:135:in `call_app'
web-console (3.7.0) lib/web_console/middleware.rb:30:in `block in call'
web-console (3.7.0) lib/web_console/middleware.rb:20:in `catch'
web-console (3.7.0) lib/web_console/middleware.rb:20:in `call'
actionpack (5.2.4.2) lib/action_dispatch/middleware/show_exceptions.rb:33:in `call'
railties (5.2.4.2) lib/rails/rack/logger.rb:38:in `call_app'
railties (5.2.4.2) lib/rails/rack/logger.rb:26:in `block in call'
activesupport (5.2.4.2) lib/active_support/tagged_logging.rb:71:in `block in tagged'
activesupport (5.2.4.2) lib/active_support/tagged_logging.rb:28:in `tagged'
activesupport (5.2.4.2) lib/active_support/tagged_logging.rb:71:in `tagged'
railties (5.2.4.2) lib/rails/rack/logger.rb:26:in `call'
sprockets-rails (3.2.1) lib/sprockets/rails/quiet_assets.rb:13:in `call'
actionpack (5.2.4.2) lib/action_dispatch/middleware/remote_ip.rb:81:in `call'
actionpack (5.2.4.2) lib/action_dispatch/middleware/request_id.rb:27:in `call'
rack (2.2.2) lib/rack/method_override.rb:24:in `call'
rack (2.2.2) lib/rack/runtime.rb:22:in `call'
activesupport (5.2.4.2) lib/active_support/cache/strategy/local_cache_middleware.rb:29:in `call'
actionpack (5.2.4.2) lib/action_dispatch/middleware/executor.rb:14:in `call'
actionpack (5.2.4.2) lib/action_dispatch/middleware/static.rb:127:in `call'
rack (2.2.2) lib/rack/sendfile.rb:110:in `call'
railties (5.2.4.2) lib/rails/engine.rb:524:in `call'
puma (3.12.4) lib/puma/configuration.rb:227:in `call'
puma (3.12.4) lib/puma/server.rb:675:in `handle_request'
puma (3.12.4) lib/puma/server.rb:476:in `process_client'
puma (3.12.4) lib/puma/server.rb:334:in `block in run'
puma (3.12.4) lib/puma/thread_pool.rb:135:in `block in spawn_thread'
Started GET "/" for ::1 at 2020-05-16 12:09:43 -0500
Processing by HomeController#index as HTML
  Rendering home/index.html.erb
  Rendered home/_menu.html.erb (4.6ms)
  Rendered home/index.html.erb (102.3ms)
Completed 500 Internal Server Error in 118ms (ActiveRecord: 0.0ms)


  
ActionView::Template::Error (The asset "lLogo.png" is not present in the asset pipeline.):
    1: <nav class="navbar navbar-expand-lg navbar-light bg-light">
    2:   <a class="navbar-brand" href="#">
    3:     <%= image_tag("lLogo.png", class: "preloader", alt: "loading...")  -%></a>
    4:   <button class="navbar-toggler" type="button" data-toggle="collapse" data-target="#navbarSupportedContent"
    5:     aria-controls="navbarSupportedContent" aria-expanded="false" aria-label="Toggle navigation">
    6:     <span class="navbar-toggler-icon"></span>
  
app/views/home/_menu.html.erb:3:in `_app_views_home__menu_html_erb__4412109711943793858_70219725614140'
app/views/home/index.html.erb:14:in `_app_views_home_index_html_erb__3931157767365588404_70219717273540'
Started GET "/" for ::1 at 2020-05-16 12:09:44 -0500
Processing by HomeController#index as HTML
  Rendering home/index.html.erb
  Rendered home/_menu.html.erb (3.8ms)
  Rendered home/index.html.erb (74.4ms)
Completed 500 Internal Server Error in 84ms (ActiveRecord: 0.0ms)


  
ActionView::Template::Error (The asset "lLogo.png" is not present in the asset pipeline.):
    1: <nav class="navbar navbar-expand-lg navbar-light bg-light">
    2:   <a class="navbar-brand" href="#">
    3:     <%= image_tag("lLogo.png", class: "preloader", alt: "loading...")  -%></a>
    4:   <button class="navbar-toggler" type="button" data-toggle="collapse" data-target="#navbarSupportedContent"
    5:     aria-controls="navbarSupportedContent" aria-expanded="false" aria-label="Toggle navigation">
    6:     <span class="navbar-toggler-icon"></span>
  
app/views/home/_menu.html.erb:3:in `_app_views_home__menu_html_erb__4412109711943793858_70219730355240'
app/views/home/index.html.erb:14:in `_app_views_home_index_html_erb__3931157767365588404_70219715440920'
Started GET "/" for ::1 at 2020-05-16 12:09:45 -0500
Processing by HomeController#index as HTML
  Rendering home/index.html.erb
  Rendered home/_menu.html.erb (6.7ms)
  Rendered home/index.html.erb (80.6ms)
Completed 500 Internal Server Error in 92ms (ActiveRecord: 0.0ms)


  
ActionView::Template::Error (The asset "lLogo.png" is not present in the asset pipeline.):
    1: <nav class="navbar navbar-expand-lg navbar-light bg-light">
    2:   <a class="navbar-brand" href="#">
    3:     <%= image_tag("lLogo.png", class: "preloader", alt: "loading...")  -%></a>
    4:   <button class="navbar-toggler" type="button" data-toggle="collapse" data-target="#navbarSupportedContent"
    5:     aria-controls="navbarSupportedContent" aria-expanded="false" aria-label="Toggle navigation">
    6:     <span class="navbar-toggler-icon"></span>
  
app/views/home/_menu.html.erb:3:in `_app_views_home__menu_html_erb__4412109711943793858_70219726102540'
app/views/home/index.html.erb:14:in `_app_views_home_index_html_erb__3931157767365588404_70219726435400'
Started GET "/" for ::1 at 2020-05-16 12:09:52 -0500
Processing by HomeController#index as HTML
  Rendering home/index.html.erb
  Rendered home/_menu.html.erb (136.4ms)
  Rendered home/index.html.erb (208.9ms)
Completed 200 OK in 226ms (Views: 220.1ms | ActiveRecord: 0.0ms)


Started GET "/" for ::1 at 2020-05-16 12:10:23 -0500
Processing by HomeController#index as HTML
  Rendering home/index.html.erb
  Rendered home/index.html.erb (71.3ms)
Completed 200 OK in 85ms (Views: 78.3ms | ActiveRecord: 0.0ms)


Started GET "/" for ::1 at 2020-05-16 12:10:24 -0500
Processing by HomeController#index as HTML
  Rendering home/index.html.erb
  Rendered home/index.html.erb (79.3ms)
Completed 200 OK in 90ms (Views: 87.2ms | ActiveRecord: 0.0ms)


Started GET "/" for ::1 at 2020-05-16 12:10:24 -0500
Processing by HomeController#index as HTML
  Rendering home/index.html.erb
  Rendered home/index.html.erb (77.1ms)
Completed 200 OK in 88ms (Views: 84.7ms | ActiveRecord: 0.0ms)


Started GET "/" for ::1 at 2020-05-16 12:10:27 -0500
Processing by HomeController#index as HTML
  Rendering home/index.html.erb
  Rendered home/index.html.erb (53.5ms)
Completed 200 OK in 61ms (Views: 58.1ms | ActiveRecord: 0.0ms)


Started GET "/" for ::1 at 2020-05-16 12:11:09 -0500
Processing by HomeController#index as HTML
  Rendering home/index.html.erb
  Rendered home/index.html.erb (72.6ms)
Completed 200 OK in 83ms (Views: 79.9ms | ActiveRecord: 0.0ms)


Started GET "/" for ::1 at 2020-05-16 12:11:39 -0500
Processing by HomeController#index as HTML
  Rendering home/index.html.erb
  Rendered home/_menu.html.erb (1.3ms)
  Rendered home/index.html.erb (56.2ms)
Completed 200 OK in 73ms (Views: 64.6ms | ActiveRecord: 0.0ms)


Started GET "/" for ::1 at 2020-05-16 12:11:40 -0500
Processing by HomeController#index as HTML
  Rendering home/index.html.erb
  Rendered home/_menu.html.erb (1.1ms)
  Rendered home/index.html.erb (45.0ms)
Completed 200 OK in 52ms (Views: 50.4ms | ActiveRecord: 0.0ms)


Started GET "/" for ::1 at 2020-05-16 12:11:41 -0500
Processing by HomeController#index as HTML
  Rendering home/index.html.erb
  Rendered home/_menu.html.erb (1.6ms)
  Rendered home/index.html.erb (57.9ms)
Completed 200 OK in 69ms (Views: 65.2ms | ActiveRecord: 0.0ms)


Started GET "/" for ::1 at 2020-05-16 12:12:18 -0500
Processing by HomeController#index as HTML
  Rendering home/index.html.erb
  Rendered home/_menu.html.erb (1.6ms)
  Rendered home/index.html.erb (75.6ms)
Completed 200 OK in 87ms (Views: 83.5ms | ActiveRecord: 0.0ms)


Started GET "/" for ::1 at 2020-05-16 12:14:05 -0500
Processing by HomeController#index as HTML
  Rendering home/index.html.erb
  Rendered home/_menu.html.erb (3.7ms)
  Rendered home/index.html.erb (80.4ms)
Completed 200 OK in 92ms (Views: 88.3ms | ActiveRecord: 0.0ms)


Started GET "/" for ::1 at 2020-05-16 12:14:17 -0500
Processing by HomeController#index as HTML
  Rendering home/index.html.erb
  Rendered home/_menu.html.erb (3.1ms)
  Rendered home/index.html.erb (84.6ms)
Completed 200 OK in 97ms (Views: 93.4ms | ActiveRecord: 0.0ms)


Started GET "/" for ::1 at 2020-05-16 12:14:31 -0500
Processing by HomeController#index as HTML
  Rendering home/index.html.erb
  Rendered home/_menu.html.erb (2.1ms)
  Rendered home/index.html.erb (93.4ms)
Completed 200 OK in 113ms (Views: 105.7ms | ActiveRecord: 0.0ms)


Started GET "/" for ::1 at 2020-05-16 12:15:01 -0500
Processing by HomeController#index as HTML
  Rendering home/index.html.erb
  Rendered home/_menu.html.erb (2.1ms)
  Rendered home/index.html.erb (61.8ms)
Completed 200 OK in 76ms (Views: 70.0ms | ActiveRecord: 0.0ms)


Started GET "/" for ::1 at 2020-05-16 12:15:35 -0500
Processing by HomeController#index as HTML
  Rendering home/index.html.erb
  Rendered home/_menu.html.erb (3.5ms)
  Rendered home/index.html.erb (76.1ms)
Completed 200 OK in 88ms (Views: 83.7ms | ActiveRecord: 0.0ms)


Started GET "/" for ::1 at 2020-05-16 12:15:57 -0500
Processing by HomeController#index as HTML
  Rendering home/index.html.erb
  Rendered home/_menu.html.erb (1.2ms)
  Rendered home/index.html.erb (66.6ms)
Completed 200 OK in 77ms (Views: 74.2ms | ActiveRecord: 0.0ms)


Started GET "/" for ::1 at 2020-05-16 12:17:10 -0500
Processing by HomeController#index as HTML
  Rendering home/index.html.erb
  Rendered home/_menu.html.erb (1.9ms)
  Rendered home/index.html.erb (109.7ms)
Completed 200 OK in 134ms (Views: 120.2ms | ActiveRecord: 0.0ms)


Started GET "/" for ::1 at 2020-05-16 12:17:32 -0500
Processing by HomeController#index as HTML
  Rendering home/index.html.erb
  Rendered home/_menu.html.erb (2.1ms)
  Rendered home/index.html.erb (68.5ms)
Completed 200 OK in 85ms (Views: 78.4ms | ActiveRecord: 0.0ms)


Started GET "/" for ::1 at 2020-05-16 12:17:33 -0500
Processing by HomeController#index as HTML
  Rendering home/index.html.erb
  Rendered home/_menu.html.erb (1.1ms)
  Rendered home/index.html.erb (45.9ms)
Completed 200 OK in 54ms (Views: 51.6ms | ActiveRecord: 0.0ms)


Started GET "/" for ::1 at 2020-05-16 12:17:57 -0500
Processing by HomeController#index as HTML
  Rendering home/index.html.erb
  Rendered home/_menu.html.erb (1.8ms)
  Rendered home/index.html.erb (66.7ms)
Completed 200 OK in 83ms (Views: 73.6ms | ActiveRecord: 0.0ms)


Started GET "/" for ::1 at 2020-05-16 12:18:14 -0500
Processing by HomeController#index as HTML
  Rendering home/index.html.erb
  Rendered home/_menu.html.erb (2.3ms)
  Rendered home/index.html.erb (53.8ms)
Completed 200 OK in 66ms (Views: 61.3ms | ActiveRecord: 0.0ms)


Started GET "/" for ::1 at 2020-05-16 12:19:41 -0500
Processing by HomeController#index as HTML
  Rendering home/index.html.erb
  Rendered home/_menu.html.erb (7.8ms)
  Rendered home/index.html.erb (90.1ms)
Completed 200 OK in 103ms (Views: 98.2ms | ActiveRecord: 0.0ms)


Started GET "/" for ::1 at 2020-05-16 12:20:42 -0500
Processing by HomeController#index as HTML
  Rendering home/index.html.erb
  Rendered home/_menu.html.erb (3.1ms)
  Rendered home/index.html.erb (85.8ms)
Completed 200 OK in 100ms (Views: 93.0ms | ActiveRecord: 0.0ms)


Started GET "/" for ::1 at 2020-05-16 12:22:01 -0500
Processing by HomeController#index as HTML
  Rendering home/index.html.erb
  Rendered home/_menu.html.erb (2.1ms)
  Rendered home/index.html.erb (75.0ms)
Completed 200 OK in 88ms (Views: 84.1ms | ActiveRecord: 0.0ms)


Started GET "/" for ::1 at 2020-05-16 12:22:02 -0500
Processing by HomeController#index as HTML
  Rendering home/index.html.erb
  Rendered home/_menu.html.erb (2.7ms)
  Rendered home/index.html.erb (64.0ms)
Completed 200 OK in 74ms (Views: 71.4ms | ActiveRecord: 0.0ms)


Started GET "/" for ::1 at 2020-05-16 12:22:35 -0500
Processing by HomeController#index as HTML
  Rendering home/index.html.erb
  Rendered home/_menu.html.erb (1.9ms)
  Rendered home/index.html.erb (55.9ms)
Completed 200 OK in 67ms (Views: 63.5ms | ActiveRecord: 0.0ms)


Started GET "/" for ::1 at 2020-05-16 12:22:59 -0500
Processing by HomeController#index as HTML
  Rendering home/index.html.erb
  Rendered home/_menu.html.erb (1.1ms)
  Rendered home/index.html.erb (48.9ms)
Completed 200 OK in 59ms (Views: 55.8ms | ActiveRecord: 0.0ms)


Started GET "/" for ::1 at 2020-05-16 12:23:48 -0500
Processing by HomeController#index as HTML
  Rendering home/index.html.erb
  Rendered home/_menu.html.erb (2.5ms)
  Rendered home/index.html.erb (71.3ms)
Completed 200 OK in 85ms (Views: 80.0ms | ActiveRecord: 0.0ms)


Started GET "/" for ::1 at 2020-05-16 12:27:54 -0500
Processing by HomeController#index as HTML
  Rendering home/index.html.erb
  Rendered home/_menu.html.erb (3.3ms)
  Rendered home/index.html.erb (87.5ms)
Completed 200 OK in 98ms (Views: 94.5ms | ActiveRecord: 0.0ms)


Started GET "/" for ::1 at 2020-05-16 12:30:49 -0500
Processing by HomeController#index as HTML
  Rendering home/index.html.erb
  Rendered home/_menu.html.erb (3.2ms)
  Rendered home/index.html.erb (90.8ms)
Completed 200 OK in 101ms (Views: 97.0ms | ActiveRecord: 0.0ms)


Started GET "/" for ::1 at 2020-05-16 12:30:50 -0500
Processing by HomeController#index as HTML
  Rendering home/index.html.erb
  Rendered home/_menu.html.erb (2.3ms)
  Rendered home/index.html.erb (60.3ms)
Completed 200 OK in 69ms (Views: 65.6ms | ActiveRecord: 0.0ms)


Started GET "/" for ::1 at 2020-05-16 12:31:15 -0500
Processing by HomeController#index as HTML
  Rendering home/index.html.erb
  Rendered home/_menu.html.erb (2.2ms)
  Rendered home/index.html.erb (51.0ms)
Completed 200 OK in 61ms (Views: 57.5ms | ActiveRecord: 0.0ms)


Started GET "/" for ::1 at 2020-05-16 12:31:16 -0500
Processing by HomeController#index as HTML
  Rendering home/index.html.erb
  Rendered home/_menu.html.erb (3.5ms)
  Rendered home/index.html.erb (57.5ms)
Completed 200 OK in 66ms (Views: 63.0ms | ActiveRecord: 0.0ms)


Started GET "/" for ::1 at 2020-05-16 12:34:06 -0500
Processing by HomeController#index as HTML
  Rendering home/index.html.erb
  Rendered home/_menu.html.erb (2.8ms)
  Rendered home/index.html.erb (77.7ms)
Completed 200 OK in 89ms (Views: 85.2ms | ActiveRecord: 0.0ms)


Started GET "/" for ::1 at 2020-05-16 12:36:34 -0500
Processing by HomeController#index as HTML
  Rendering home/index.html.erb
Started GET "/" for ::1 at 2020-05-16 12:36:34 -0500
  [1m[35m (1.1ms)[0m  [1m[35mSET NAMES utf8,  @@SESSION.sql_mode = CONCAT(CONCAT(@@sql_mode, ',STRICT_ALL_TABLES'), ',NO_AUTO_VALUE_ON_ZERO'),  @@SESSION.sql_auto_is_null = 0, @@SESSION.wait_timeout = 2147483[0m
  ↳ /Users/jeisson/.rvm/rubies/ruby-2.5.1/lib/ruby/gems/2.5.0/gems/sprockets-rails-3.2.1/lib/sprockets/rails/quiet_assets.rb:13
Processing by HomeController#index as HTML
  Rendering home/index.html.erb
  Rendered home/_menu.html.erb (3.9ms)
  Rendered home/index.html.erb (116.2ms)
Completed 200 OK in 129ms (Views: 125.4ms | ActiveRecord: 0.0ms)


  Rendered home/_menu.html.erb (1.7ms)
  Rendered home/index.html.erb (57.1ms)
Completed 200 OK in 66ms (Views: 62.9ms | ActiveRecord: 0.0ms)


Started GET "/" for ::1 at 2020-05-16 12:36:54 -0500
Processing by HomeController#index as HTML
  Rendering home/index.html.erb
  Rendered home/_menu.html.erb (5.6ms)
  Rendered home/index.html.erb (137.8ms)
Completed 200 OK in 150ms (Views: 145.3ms | ActiveRecord: 0.0ms)


Started GET "/" for ::1 at 2020-05-16 12:49:22 -0500
  [1m[35m (0.6ms)[0m  [1m[35mSET NAMES utf8,  @@SESSION.sql_mode = CONCAT(CONCAT(@@sql_mode, ',STRICT_ALL_TABLES'), ',NO_AUTO_VALUE_ON_ZERO'),  @@SESSION.sql_auto_is_null = 0, @@SESSION.wait_timeout = 2147483[0m
  ↳ /Users/jeisson/.rvm/rubies/ruby-2.5.1/lib/ruby/gems/2.5.0/gems/sprockets-rails-3.2.1/lib/sprockets/rails/quiet_assets.rb:13
Processing by HomeController#index as HTML
  Rendering home/index.html.erb
  Rendered home/_menu.html.erb (4.4ms)
  Rendered home/index.html.erb (244.8ms)
Completed 200 OK in 259ms (Views: 253.5ms | ActiveRecord: 0.0ms)


Started GET "/" for ::1 at 2020-05-16 12:49:39 -0500
Processing by HomeController#index as HTML
  Rendering home/index.html.erb
  Rendered home/_menu.html.erb (1.5ms)
  Rendered home/_slider.html.erb (1.0ms)
  Rendered home/index.html.erb (66.4ms)
Completed 200 OK in 76ms (Views: 72.7ms | ActiveRecord: 0.0ms)


Started GET "/..." for ::1 at 2020-05-16 12:49:39 -0500
  
ActionController::RoutingError (No route matches [GET] "/..."):
  
actionpack (5.2.4.2) lib/action_dispatch/middleware/debug_exceptions.rb:65:in `call'
web-console (3.7.0) lib/web_console/middleware.rb:135:in `call_app'
web-console (3.7.0) lib/web_console/middleware.rb:30:in `block in call'
web-console (3.7.0) lib/web_console/middleware.rb:20:in `catch'
web-console (3.7.0) lib/web_console/middleware.rb:20:in `call'
actionpack (5.2.4.2) lib/action_dispatch/middleware/show_exceptions.rb:33:in `call'
railties (5.2.4.2) lib/rails/rack/logger.rb:38:in `call_app'
railties (5.2.4.2) lib/rails/rack/logger.rb:26:in `block in call'
activesupport (5.2.4.2) lib/active_support/tagged_logging.rb:71:in `block in tagged'
activesupport (5.2.4.2) lib/active_support/tagged_logging.rb:28:in `tagged'
activesupport (5.2.4.2) lib/active_support/tagged_logging.rb:71:in `tagged'
railties (5.2.4.2) lib/rails/rack/logger.rb:26:in `call'
sprockets-rails (3.2.1) lib/sprockets/rails/quiet_assets.rb:13:in `call'
actionpack (5.2.4.2) lib/action_dispatch/middleware/remote_ip.rb:81:in `call'
actionpack (5.2.4.2) lib/action_dispatch/middleware/request_id.rb:27:in `call'
rack (2.2.2) lib/rack/method_override.rb:24:in `call'
rack (2.2.2) lib/rack/runtime.rb:22:in `call'
activesupport (5.2.4.2) lib/active_support/cache/strategy/local_cache_middleware.rb:29:in `call'
actionpack (5.2.4.2) lib/action_dispatch/middleware/executor.rb:14:in `call'
actionpack (5.2.4.2) lib/action_dispatch/middleware/static.rb:127:in `call'
rack (2.2.2) lib/rack/sendfile.rb:110:in `call'
railties (5.2.4.2) lib/rails/engine.rb:524:in `call'
puma (3.12.4) lib/puma/configuration.rb:227:in `call'
puma (3.12.4) lib/puma/server.rb:675:in `handle_request'
puma (3.12.4) lib/puma/server.rb:476:in `process_client'
puma (3.12.4) lib/puma/server.rb:334:in `block in run'
puma (3.12.4) lib/puma/thread_pool.rb:135:in `block in spawn_thread'
Started GET "/" for ::1 at 2020-05-16 12:50:04 -0500
Processing by HomeController#index as HTML
  Rendering home/index.html.erb
  Rendered home/_menu.html.erb (3.1ms)
  Rendered home/_slider.html.erb (2459.3ms)
  Rendered home/index.html.erb (2539.3ms)
Completed 200 OK in 2554ms (Views: 2548.8ms | ActiveRecord: 0.0ms)


Started GET "/..." for ::1 at 2020-05-16 12:50:06 -0500
  
ActionController::RoutingError (No route matches [GET] "/..."):
  
actionpack (5.2.4.2) lib/action_dispatch/middleware/debug_exceptions.rb:65:in `call'
web-console (3.7.0) lib/web_console/middleware.rb:135:in `call_app'
web-console (3.7.0) lib/web_console/middleware.rb:30:in `block in call'
web-console (3.7.0) lib/web_console/middleware.rb:20:in `catch'
web-console (3.7.0) lib/web_console/middleware.rb:20:in `call'
actionpack (5.2.4.2) lib/action_dispatch/middleware/show_exceptions.rb:33:in `call'
railties (5.2.4.2) lib/rails/rack/logger.rb:38:in `call_app'
railties (5.2.4.2) lib/rails/rack/logger.rb:26:in `block in call'
activesupport (5.2.4.2) lib/active_support/tagged_logging.rb:71:in `block in tagged'
activesupport (5.2.4.2) lib/active_support/tagged_logging.rb:28:in `tagged'
activesupport (5.2.4.2) lib/active_support/tagged_logging.rb:71:in `tagged'
railties (5.2.4.2) lib/rails/rack/logger.rb:26:in `call'
sprockets-rails (3.2.1) lib/sprockets/rails/quiet_assets.rb:13:in `call'
actionpack (5.2.4.2) lib/action_dispatch/middleware/remote_ip.rb:81:in `call'
actionpack (5.2.4.2) lib/action_dispatch/middleware/request_id.rb:27:in `call'
rack (2.2.2) lib/rack/method_override.rb:24:in `call'
rack (2.2.2) lib/rack/runtime.rb:22:in `call'
activesupport (5.2.4.2) lib/active_support/cache/strategy/local_cache_middleware.rb:29:in `call'
actionpack (5.2.4.2) lib/action_dispatch/middleware/executor.rb:14:in `call'
actionpack (5.2.4.2) lib/action_dispatch/middleware/static.rb:127:in `call'
rack (2.2.2) lib/rack/sendfile.rb:110:in `call'
railties (5.2.4.2) lib/rails/engine.rb:524:in `call'
puma (3.12.4) lib/puma/configuration.rb:227:in `call'
puma (3.12.4) lib/puma/server.rb:675:in `handle_request'
puma (3.12.4) lib/puma/server.rb:476:in `process_client'
puma (3.12.4) lib/puma/server.rb:334:in `block in run'
puma (3.12.4) lib/puma/thread_pool.rb:135:in `block in spawn_thread'
Started GET "/" for ::1 at 2020-05-16 12:50:46 -0500
Processing by HomeController#index as HTML
  Rendering home/index.html.erb
  Rendered home/_menu.html.erb (2.7ms)
  Rendered home/_slider.html.erb (2.0ms)
  Rendered home/index.html.erb (10.2ms)
Completed 200 OK in 21ms (Views: 18.1ms | ActiveRecord: 0.0ms)


Started GET "/..." for ::1 at 2020-05-16 12:50:46 -0500
  
ActionController::RoutingError (No route matches [GET] "/..."):
  
actionpack (5.2.4.2) lib/action_dispatch/middleware/debug_exceptions.rb:65:in `call'
web-console (3.7.0) lib/web_console/middleware.rb:135:in `call_app'
web-console (3.7.0) lib/web_console/middleware.rb:30:in `block in call'
web-console (3.7.0) lib/web_console/middleware.rb:20:in `catch'
web-console (3.7.0) lib/web_console/middleware.rb:20:in `call'
actionpack (5.2.4.2) lib/action_dispatch/middleware/show_exceptions.rb:33:in `call'
railties (5.2.4.2) lib/rails/rack/logger.rb:38:in `call_app'
railties (5.2.4.2) lib/rails/rack/logger.rb:26:in `block in call'
activesupport (5.2.4.2) lib/active_support/tagged_logging.rb:71:in `block in tagged'
activesupport (5.2.4.2) lib/active_support/tagged_logging.rb:28:in `tagged'
activesupport (5.2.4.2) lib/active_support/tagged_logging.rb:71:in `tagged'
railties (5.2.4.2) lib/rails/rack/logger.rb:26:in `call'
sprockets-rails (3.2.1) lib/sprockets/rails/quiet_assets.rb:13:in `call'
actionpack (5.2.4.2) lib/action_dispatch/middleware/remote_ip.rb:81:in `call'
actionpack (5.2.4.2) lib/action_dispatch/middleware/request_id.rb:27:in `call'
rack (2.2.2) lib/rack/method_override.rb:24:in `call'
rack (2.2.2) lib/rack/runtime.rb:22:in `call'
activesupport (5.2.4.2) lib/active_support/cache/strategy/local_cache_middleware.rb:29:in `call'
actionpack (5.2.4.2) lib/action_dispatch/middleware/executor.rb:14:in `call'
actionpack (5.2.4.2) lib/action_dispatch/middleware/static.rb:127:in `call'
rack (2.2.2) lib/rack/sendfile.rb:110:in `call'
railties (5.2.4.2) lib/rails/engine.rb:524:in `call'
puma (3.12.4) lib/puma/configuration.rb:227:in `call'
puma (3.12.4) lib/puma/server.rb:675:in `handle_request'
puma (3.12.4) lib/puma/server.rb:476:in `process_client'
puma (3.12.4) lib/puma/server.rb:334:in `block in run'
puma (3.12.4) lib/puma/thread_pool.rb:135:in `block in spawn_thread'
Started GET "/" for ::1 at 2020-05-16 12:51:19 -0500
Processing by HomeController#index as HTML
  Rendering home/index.html.erb
  Rendered home/_menu.html.erb (5.7ms)
  Rendered home/_slider.html.erb (12.8ms)
  Rendered home/index.html.erb (160.0ms)
Completed 200 OK in 175ms (Views: 168.8ms | ActiveRecord: 0.0ms)


Started GET "/..." for ::1 at 2020-05-16 12:51:19 -0500
  
ActionController::RoutingError (No route matches [GET] "/..."):
  
actionpack (5.2.4.2) lib/action_dispatch/middleware/debug_exceptions.rb:65:in `call'
web-console (3.7.0) lib/web_console/middleware.rb:135:in `call_app'
web-console (3.7.0) lib/web_console/middleware.rb:30:in `block in call'
web-console (3.7.0) lib/web_console/middleware.rb:20:in `catch'
web-console (3.7.0) lib/web_console/middleware.rb:20:in `call'
actionpack (5.2.4.2) lib/action_dispatch/middleware/show_exceptions.rb:33:in `call'
railties (5.2.4.2) lib/rails/rack/logger.rb:38:in `call_app'
railties (5.2.4.2) lib/rails/rack/logger.rb:26:in `block in call'
activesupport (5.2.4.2) lib/active_support/tagged_logging.rb:71:in `block in tagged'
activesupport (5.2.4.2) lib/active_support/tagged_logging.rb:28:in `tagged'
activesupport (5.2.4.2) lib/active_support/tagged_logging.rb:71:in `tagged'
railties (5.2.4.2) lib/rails/rack/logger.rb:26:in `call'
sprockets-rails (3.2.1) lib/sprockets/rails/quiet_assets.rb:13:in `call'
actionpack (5.2.4.2) lib/action_dispatch/middleware/remote_ip.rb:81:in `call'
actionpack (5.2.4.2) lib/action_dispatch/middleware/request_id.rb:27:in `call'
rack (2.2.2) lib/rack/method_override.rb:24:in `call'
rack (2.2.2) lib/rack/runtime.rb:22:in `call'
activesupport (5.2.4.2) lib/active_support/cache/strategy/local_cache_middleware.rb:29:in `call'
actionpack (5.2.4.2) lib/action_dispatch/middleware/executor.rb:14:in `call'
actionpack (5.2.4.2) lib/action_dispatch/middleware/static.rb:127:in `call'
rack (2.2.2) lib/rack/sendfile.rb:110:in `call'
railties (5.2.4.2) lib/rails/engine.rb:524:in `call'
puma (3.12.4) lib/puma/configuration.rb:227:in `call'
puma (3.12.4) lib/puma/server.rb:675:in `handle_request'
puma (3.12.4) lib/puma/server.rb:476:in `process_client'
puma (3.12.4) lib/puma/server.rb:334:in `block in run'
puma (3.12.4) lib/puma/thread_pool.rb:135:in `block in spawn_thread'
Started GET "/" for ::1 at 2020-05-16 12:51:31 -0500
Processing by HomeController#index as HTML
  Rendering home/index.html.erb
  Rendered home/_menu.html.erb (3.8ms)
  Rendered home/_slider.html.erb (2.5ms)
  Rendered home/index.html.erb (335.1ms)
Completed 200 OK in 347ms (Views: 344.0ms | ActiveRecord: 0.0ms)


Started GET "/..." for ::1 at 2020-05-16 12:51:32 -0500
  
ActionController::RoutingError (No route matches [GET] "/..."):
  
actionpack (5.2.4.2) lib/action_dispatch/middleware/debug_exceptions.rb:65:in `call'
web-console (3.7.0) lib/web_console/middleware.rb:135:in `call_app'
web-console (3.7.0) lib/web_console/middleware.rb:30:in `block in call'
web-console (3.7.0) lib/web_console/middleware.rb:20:in `catch'
web-console (3.7.0) lib/web_console/middleware.rb:20:in `call'
actionpack (5.2.4.2) lib/action_dispatch/middleware/show_exceptions.rb:33:in `call'
railties (5.2.4.2) lib/rails/rack/logger.rb:38:in `call_app'
railties (5.2.4.2) lib/rails/rack/logger.rb:26:in `block in call'
activesupport (5.2.4.2) lib/active_support/tagged_logging.rb:71:in `block in tagged'
activesupport (5.2.4.2) lib/active_support/tagged_logging.rb:28:in `tagged'
activesupport (5.2.4.2) lib/active_support/tagged_logging.rb:71:in `tagged'
railties (5.2.4.2) lib/rails/rack/logger.rb:26:in `call'
sprockets-rails (3.2.1) lib/sprockets/rails/quiet_assets.rb:13:in `call'
actionpack (5.2.4.2) lib/action_dispatch/middleware/remote_ip.rb:81:in `call'
actionpack (5.2.4.2) lib/action_dispatch/middleware/request_id.rb:27:in `call'
rack (2.2.2) lib/rack/method_override.rb:24:in `call'
rack (2.2.2) lib/rack/runtime.rb:22:in `call'
activesupport (5.2.4.2) lib/active_support/cache/strategy/local_cache_middleware.rb:29:in `call'
actionpack (5.2.4.2) lib/action_dispatch/middleware/executor.rb:14:in `call'
actionpack (5.2.4.2) lib/action_dispatch/middleware/static.rb:127:in `call'
rack (2.2.2) lib/rack/sendfile.rb:110:in `call'
railties (5.2.4.2) lib/rails/engine.rb:524:in `call'
puma (3.12.4) lib/puma/configuration.rb:227:in `call'
puma (3.12.4) lib/puma/server.rb:675:in `handle_request'
puma (3.12.4) lib/puma/server.rb:476:in `process_client'
puma (3.12.4) lib/puma/server.rb:334:in `block in run'
puma (3.12.4) lib/puma/thread_pool.rb:135:in `block in spawn_thread'
Started GET "/" for ::1 at 2020-05-16 12:51:40 -0500
Processing by HomeController#index as HTML
  Rendering home/index.html.erb
  Rendered home/_menu.html.erb (1.9ms)
  Rendered home/_slider.html.erb (2.9ms)
  Rendered home/index.html.erb (9.7ms)
Completed 200 OK in 24ms (Views: 20.0ms | ActiveRecord: 0.0ms)


Started GET "/..." for ::1 at 2020-05-16 12:51:40 -0500
  
ActionController::RoutingError (No route matches [GET] "/..."):
  
actionpack (5.2.4.2) lib/action_dispatch/middleware/debug_exceptions.rb:65:in `call'
web-console (3.7.0) lib/web_console/middleware.rb:135:in `call_app'
web-console (3.7.0) lib/web_console/middleware.rb:30:in `block in call'
web-console (3.7.0) lib/web_console/middleware.rb:20:in `catch'
web-console (3.7.0) lib/web_console/middleware.rb:20:in `call'
actionpack (5.2.4.2) lib/action_dispatch/middleware/show_exceptions.rb:33:in `call'
railties (5.2.4.2) lib/rails/rack/logger.rb:38:in `call_app'
railties (5.2.4.2) lib/rails/rack/logger.rb:26:in `block in call'
activesupport (5.2.4.2) lib/active_support/tagged_logging.rb:71:in `block in tagged'
activesupport (5.2.4.2) lib/active_support/tagged_logging.rb:28:in `tagged'
activesupport (5.2.4.2) lib/active_support/tagged_logging.rb:71:in `tagged'
railties (5.2.4.2) lib/rails/rack/logger.rb:26:in `call'
sprockets-rails (3.2.1) lib/sprockets/rails/quiet_assets.rb:13:in `call'
actionpack (5.2.4.2) lib/action_dispatch/middleware/remote_ip.rb:81:in `call'
actionpack (5.2.4.2) lib/action_dispatch/middleware/request_id.rb:27:in `call'
rack (2.2.2) lib/rack/method_override.rb:24:in `call'
rack (2.2.2) lib/rack/runtime.rb:22:in `call'
activesupport (5.2.4.2) lib/active_support/cache/strategy/local_cache_middleware.rb:29:in `call'
actionpack (5.2.4.2) lib/action_dispatch/middleware/executor.rb:14:in `call'
actionpack (5.2.4.2) lib/action_dispatch/middleware/static.rb:127:in `call'
rack (2.2.2) lib/rack/sendfile.rb:110:in `call'
railties (5.2.4.2) lib/rails/engine.rb:524:in `call'
puma (3.12.4) lib/puma/configuration.rb:227:in `call'
puma (3.12.4) lib/puma/server.rb:675:in `handle_request'
puma (3.12.4) lib/puma/server.rb:476:in `process_client'
puma (3.12.4) lib/puma/server.rb:334:in `block in run'
puma (3.12.4) lib/puma/thread_pool.rb:135:in `block in spawn_thread'
Started GET "/" for ::1 at 2020-05-16 12:51:59 -0500
Processing by HomeController#index as HTML
  Rendering home/index.html.erb
  Rendered home/_menu.html.erb (3.8ms)
  Rendered home/_slider.html.erb (8.7ms)
  Rendered home/index.html.erb (18.5ms)
Completed 200 OK in 34ms (Views: 28.0ms | ActiveRecord: 0.0ms)


Started GET "/" for ::1 at 2020-05-16 12:53:51 -0500
Processing by HomeController#index as HTML
  Rendering home/index.html.erb
  Rendered home/_menu.html.erb (3.5ms)
  Rendered home/_slider.html.erb (12.1ms)
  Rendered home/index.html.erb (24.2ms)
Completed 200 OK in 36ms (Views: 32.0ms | ActiveRecord: 0.0ms)


Started GET "/" for ::1 at 2020-05-16 12:54:23 -0500
Processing by HomeController#index as HTML
  Rendering home/index.html.erb
  Rendered home/_menu.html.erb (5.3ms)
  Rendered home/_slider.html.erb (8.5ms)
  Rendered home/index.html.erb (22.2ms)
Completed 200 OK in 39ms (Views: 29.2ms | ActiveRecord: 0.0ms)


Started GET "/" for ::1 at 2020-05-16 12:54:37 -0500
Processing by HomeController#index as HTML
  Rendering home/index.html.erb
  Rendered home/_menu.html.erb (2.3ms)
  Rendered home/_slider.html.erb (6.0ms)
  Rendered home/index.html.erb (12.7ms)
Completed 200 OK in 26ms (Views: 19.2ms | ActiveRecord: 0.0ms)


Started GET "/" for ::1 at 2020-05-16 12:54:46 -0500
Processing by HomeController#index as HTML
  Rendering home/index.html.erb
  Rendered home/_menu.html.erb (3.9ms)
  Rendered home/_slider.html.erb (5.2ms)
  Rendered home/index.html.erb (15.2ms)
Completed 200 OK in 32ms (Views: 27.4ms | ActiveRecord: 0.0ms)


Started GET "/" for ::1 at 2020-05-16 12:55:16 -0500
Processing by HomeController#index as HTML
  Rendering home/index.html.erb
  Rendered home/_menu.html.erb (2.8ms)
  Rendered home/_slider.html.erb (4.8ms)
  Rendered home/index.html.erb (13.7ms)
Completed 200 OK in 25ms (Views: 20.8ms | ActiveRecord: 0.0ms)


Started GET "/" for ::1 at 2020-05-16 12:55:17 -0500
Processing by HomeController#index as HTML
  Rendering home/index.html.erb
  Rendered home/_menu.html.erb (1.3ms)
  Rendered home/_slider.html.erb (4.4ms)
  Rendered home/index.html.erb (8.8ms)
Completed 200 OK in 16ms (Views: 14.0ms | ActiveRecord: 0.0ms)


Started GET "/" for ::1 at 2020-05-16 12:55:18 -0500
Processing by HomeController#index as HTML
  Rendering home/index.html.erb
  Rendered home/_menu.html.erb (1.4ms)
  Rendered home/_slider.html.erb (2.5ms)
  Rendered home/index.html.erb (7.0ms)
Completed 200 OK in 14ms (Views: 12.1ms | ActiveRecord: 0.0ms)


Started GET "/" for ::1 at 2020-05-16 12:55:18 -0500
Processing by HomeController#index as HTML
  Rendering home/index.html.erb
  Rendered home/_menu.html.erb (1.9ms)
  Rendered home/_slider.html.erb (4.3ms)
  Rendered home/index.html.erb (10.8ms)
Completed 200 OK in 18ms (Views: 15.9ms | ActiveRecord: 0.0ms)


Started GET "/" for ::1 at 2020-05-16 12:55:19 -0500
Processing by HomeController#index as HTML
  Rendering home/index.html.erb
  Rendered home/_menu.html.erb (2.5ms)
  Rendered home/_slider.html.erb (4.3ms)
  Rendered home/index.html.erb (11.2ms)
Completed 200 OK in 20ms (Views: 16.8ms | ActiveRecord: 0.0ms)


Started GET "/" for ::1 at 2020-05-16 12:55:19 -0500
Processing by HomeController#index as HTML
  Rendering home/index.html.erb
  Rendered home/_menu.html.erb (1.5ms)
  Rendered home/_slider.html.erb (3.2ms)
  Rendered home/index.html.erb (8.1ms)
Completed 200 OK in 16ms (Views: 13.1ms | ActiveRecord: 0.0ms)


Started GET "/" for ::1 at 2020-05-16 12:57:03 -0500
Processing by HomeController#index as HTML
  Rendering home/index.html.erb
  Rendered home/_menu.html.erb (5.4ms)
  Rendered home/_slider.html.erb (8.5ms)
  Rendered home/index.html.erb (22.4ms)
Completed 200 OK in 34ms (Views: 29.2ms | ActiveRecord: 0.0ms)


Started GET "/" for ::1 at 2020-05-16 12:57:04 -0500
Processing by HomeController#index as HTML
  Rendering home/index.html.erb
  Rendered home/_menu.html.erb (1.4ms)
  Rendered home/_slider.html.erb (3.9ms)
  Rendered home/index.html.erb (8.9ms)
Completed 200 OK in 17ms (Views: 14.7ms | ActiveRecord: 0.0ms)


Started GET "/" for ::1 at 2020-05-16 12:57:04 -0500
Processing by HomeController#index as HTML
  Rendering home/index.html.erb
  Rendered home/_menu.html.erb (1.9ms)
  Rendered home/_slider.html.erb (2.9ms)
  Rendered home/index.html.erb (9.7ms)
Completed 200 OK in 18ms (Views: 15.1ms | ActiveRecord: 0.0ms)


Started GET "/" for ::1 at 2020-05-16 12:57:04 -0500
Processing by HomeController#index as HTML
  Rendering home/index.html.erb
  Rendered home/_menu.html.erb (2.7ms)
  Rendered home/_slider.html.erb (3.6ms)
  Rendered home/index.html.erb (10.9ms)
Completed 200 OK in 18ms (Views: 16.2ms | ActiveRecord: 0.0ms)


Started GET "/" for ::1 at 2020-05-16 12:57:04 -0500
Processing by HomeController#index as HTML
  Rendering home/index.html.erb
  Rendered home/_menu.html.erb (2.5ms)
  Rendered home/_slider.html.erb (4.3ms)
  Rendered home/index.html.erb (12.5ms)
Completed 200 OK in 20ms (Views: 17.6ms | ActiveRecord: 0.0ms)


Started GET "/" for ::1 at 2020-05-16 12:57:04 -0500
Processing by HomeController#index as HTML
  Rendering home/index.html.erb
  Rendered home/_menu.html.erb (6.1ms)
  Rendered home/_slider.html.erb (8.2ms)
  Rendered home/index.html.erb (22.6ms)
Completed 200 OK in 33ms (Views: 29.5ms | ActiveRecord: 0.0ms)


Started GET "/" for ::1 at 2020-05-16 12:57:21 -0500
Processing by HomeController#index as HTML
  Rendering home/index.html.erb
  Rendered home/_menu.html.erb (5.0ms)
  Rendered home/_slider.html.erb (8.2ms)
  Rendered home/index.html.erb (26.3ms)
Completed 200 OK in 45ms (Views: 36.4ms | ActiveRecord: 0.0ms)


Started GET "/" for ::1 at 2020-05-16 12:58:14 -0500
Processing by HomeController#index as HTML
  Rendering home/index.html.erb
  Rendered home/_menu.html.erb (3.5ms)
  Rendered home/_slider.html.erb (7.0ms)
  Rendered home/index.html.erb (2559.3ms)
Completed 200 OK in 2600ms (Views: 2590.1ms | ActiveRecord: 0.0ms)


Started GET "/" for ::1 at 2020-05-16 12:59:54 -0500
Processing by HomeController#index as HTML
  Rendering home/index.html.erb
  Rendered home/_menu.html.erb (4.7ms)
  Rendered home/_slider.html.erb (8.3ms)
  Rendered home/index.html.erb (2505.9ms)
Completed 200 OK in 2518ms (Views: 2513.4ms | ActiveRecord: 0.0ms)


Started GET "/" for ::1 at 2020-05-16 13:00:26 -0500
Processing by HomeController#index as HTML
  Rendering home/index.html.erb
  Rendered home/_menu.html.erb (3.9ms)
  Rendered home/_slider.html.erb (7.7ms)
  Rendered home/index.html.erb (2473.4ms)
Completed 200 OK in 2492ms (Views: 2484.1ms | ActiveRecord: 0.0ms)


Started GET "/" for ::1 at 2020-05-16 13:00:45 -0500
Processing by HomeController#index as HTML
  Rendering home/index.html.erb
  Rendered home/_menu.html.erb (2.9ms)
  Rendered home/_slider.html.erb (7.1ms)
  Rendered home/index.html.erb (136.6ms)
Completed 200 OK in 151ms (Views: 143.4ms | ActiveRecord: 0.0ms)


Started GET "/" for ::1 at 2020-05-16 13:00:54 -0500
Processing by HomeController#index as HTML
  Rendering home/index.html.erb
  Rendered home/_menu.html.erb (1.4ms)
  Rendered home/_slider.html.erb (4.3ms)
  Rendered home/index.html.erb (81.3ms)
Completed 200 OK in 95ms (Views: 91.3ms | ActiveRecord: 0.0ms)


Started GET "/" for ::1 at 2020-05-16 13:01:02 -0500
Processing by HomeController#index as HTML
  Rendering home/index.html.erb
  Rendered home/_menu.html.erb (1.4ms)
  Rendered home/_slider.html.erb (3.5ms)
  Rendered home/index.html.erb (79.9ms)
Completed 200 OK in 96ms (Views: 89.2ms | ActiveRecord: 0.0ms)


Started GET "/" for ::1 at 2020-05-16 13:02:10 -0500
Processing by HomeController#index as HTML
  Rendering home/index.html.erb
  Rendered home/_menu.html.erb (1.9ms)
  Rendered home/_slider.html.erb (11.0ms)
  Rendered home/index.html.erb (121.7ms)
Completed 200 OK in 138ms (Views: 130.1ms | ActiveRecord: 0.0ms)


Started GET "/" for ::1 at 2020-05-16 13:03:03 -0500
Processing by HomeController#index as HTML
  Rendering home/index.html.erb
  Rendered home/_menu.html.erb (4.6ms)
  Rendered home/_slider.html.erb (7.7ms)
  Rendered home/index.html.erb (128.6ms)
Completed 200 OK in 141ms (Views: 137.3ms | ActiveRecord: 0.0ms)


Started GET "/" for ::1 at 2020-05-16 13:03:35 -0500
Processing by HomeController#index as HTML
  Rendering home/index.html.erb
  Rendered home/_menu.html.erb (1.2ms)
  Rendered home/_slider.html.erb (7.7ms)
  Rendered home/index.html.erb (2245.1ms)
Completed 200 OK in 2258ms (Views: 2252.5ms | ActiveRecord: 0.0ms)


Started GET "/" for ::1 at 2020-05-16 13:04:20 -0500
Processing by HomeController#index as HTML
  Rendering home/index.html.erb
  Rendered home/_menu.html.erb (3.1ms)
  Rendered home/_slider.html.erb (7.5ms)
  Rendered home/index.html.erb (2500.0ms)
Completed 200 OK in 2520ms (Views: 2508.3ms | ActiveRecord: 0.0ms)


Started GET "/" for ::1 at 2020-05-16 13:05:10 -0500
Processing by HomeController#index as HTML
  Rendering home/index.html.erb
  Rendered home/_menu.html.erb (3.5ms)
  Rendered home/_slider.html.erb (8.5ms)
  Rendered home/index.html.erb (130.9ms)
Completed 200 OK in 147ms (Views: 139.4ms | ActiveRecord: 0.0ms)


Started GET "/" for ::1 at 2020-05-16 13:05:38 -0500
Processing by HomeController#index as HTML
  Rendering home/index.html.erb
  Rendered home/_menu.html.erb (1.7ms)
  Rendered home/_slider.html.erb (4.5ms)
  Rendered home/index.html.erb (114.6ms)
Completed 200 OK in 130ms (Views: 126.1ms | ActiveRecord: 0.0ms)


Started GET "/" for ::1 at 2020-05-16 13:06:33 -0500
Processing by HomeController#index as HTML
  Rendering home/index.html.erb
  Rendered home/_menu.html.erb (4.0ms)
  Rendered home/_slider.html.erb (9.3ms)
  Rendered home/index.html.erb (2743.6ms)
Completed 200 OK in 2754ms (Views: 2747.9ms | ActiveRecord: 0.0ms)


Started GET "/" for ::1 at 2020-05-16 13:06:50 -0500
Processing by HomeController#index as HTML
  Rendering home/index.html.erb
  Rendered home/_menu.html.erb (11.1ms)
  Rendered home/_slider.html.erb (12.0ms)
  Rendered home/index.html.erb (184.4ms)
Completed 200 OK in 212ms (Views: 203.8ms | ActiveRecord: 0.0ms)


Started GET "/" for ::1 at 2020-05-16 13:07:34 -0500
Processing by HomeController#index as HTML
  Rendering home/index.html.erb
  Rendered home/_menu.html.erb (3.4ms)
  Rendered home/_slider.html.erb (4.9ms)
  Rendered home/index.html.erb (107.4ms)
Completed 200 OK in 130ms (Views: 122.5ms | ActiveRecord: 0.0ms)


Started GET "/" for ::1 at 2020-05-16 13:09:06 -0500
Processing by HomeController#index as HTML
  Rendering home/index.html.erb
  Rendered home/_menu.html.erb (1.8ms)
  Rendered home/_slider.html.erb (7.3ms)
  Rendered home/index.html.erb (108.6ms)
Completed 200 OK in 120ms (Views: 117.1ms | ActiveRecord: 0.0ms)


Started GET "/" for ::1 at 2020-05-16 13:09:08 -0500
Processing by HomeController#index as HTML
  Rendering home/index.html.erb
  Rendered home/_menu.html.erb (1.9ms)
  Rendered home/_slider.html.erb (4.8ms)
  Rendered home/index.html.erb (52.4ms)
Completed 200 OK in 63ms (Views: 59.8ms | ActiveRecord: 0.0ms)


Started GET "/" for ::1 at 2020-05-16 13:10:56 -0500
Processing by HomeController#index as HTML
  Rendering home/index.html.erb
  Rendered home/_menu.html.erb (4.3ms)
  Rendered home/_slider.html.erb (7.4ms)
  Rendered home/index.html.erb (113.8ms)
Completed 200 OK in 123ms (Views: 120.3ms | ActiveRecord: 0.0ms)


Started GET "/" for ::1 at 2020-05-16 13:11:13 -0500
Processing by HomeController#index as HTML
  Rendering home/index.html.erb
  Rendered home/_menu.html.erb (2.6ms)
  Rendered home/_slider.html.erb (4.5ms)
  Rendered home/index.html.erb (52.9ms)
Completed 200 OK in 70ms (Views: 62.2ms | ActiveRecord: 0.0ms)


Started GET "/" for ::1 at 2020-05-16 13:11:14 -0500
Processing by HomeController#index as HTML
  Rendering home/index.html.erb
  Rendered home/_menu.html.erb (2.1ms)
  Rendered home/_slider.html.erb (5.4ms)
  Rendered home/index.html.erb (61.3ms)
Completed 200 OK in 70ms (Views: 67.1ms | ActiveRecord: 0.0ms)


Started GET "/" for ::1 at 2020-05-16 13:11:14 -0500
Processing by HomeController#index as HTML
  Rendering home/index.html.erb
  Rendered home/_menu.html.erb (2.2ms)
  Rendered home/_slider.html.erb (4.3ms)
  Rendered home/index.html.erb (59.7ms)
Completed 200 OK in 72ms (Views: 67.6ms | ActiveRecord: 0.0ms)


Started GET "/" for ::1 at 2020-05-16 13:11:14 -0500
Processing by HomeController#index as HTML
  Rendering home/index.html.erb
  Rendered home/_menu.html.erb (1.3ms)
  Rendered home/_slider.html.erb (4.0ms)
  Rendered home/index.html.erb (73.8ms)
Completed 200 OK in 86ms (Views: 83.3ms | ActiveRecord: 0.0ms)


Started GET "/" for ::1 at 2020-05-16 13:11:15 -0500
Processing by HomeController#index as HTML
  Rendering home/index.html.erb
  Rendered home/_menu.html.erb (1.7ms)
  Rendered home/_slider.html.erb (2.8ms)
  Rendered home/index.html.erb (55.3ms)
Completed 200 OK in 62ms (Views: 60.3ms | ActiveRecord: 0.0ms)


Started GET "/" for ::1 at 2020-05-16 13:11:16 -0500
Processing by HomeController#index as HTML
  Rendering home/index.html.erb
  Rendered home/_menu.html.erb (1.4ms)
  Rendered home/_slider.html.erb (3.1ms)
  Rendered home/index.html.erb (48.2ms)
Completed 200 OK in 57ms (Views: 54.8ms | ActiveRecord: 0.0ms)


Started GET "/" for ::1 at 2020-05-16 13:11:16 -0500
Processing by HomeController#index as HTML
  Rendering home/index.html.erb
  Rendered home/_menu.html.erb (1.4ms)
  Rendered home/_slider.html.erb (2.6ms)
  Rendered home/index.html.erb (47.5ms)
Completed 200 OK in 63ms (Views: 59.0ms | ActiveRecord: 0.0ms)


Started GET "/" for ::1 at 2020-05-16 13:11:42 -0500
Processing by HomeController#index as HTML
  Rendering home/index.html.erb
  Rendered home/_menu.html.erb (2.2ms)
  Rendered home/_slider.html.erb (4.3ms)
  Rendered home/index.html.erb (72.3ms)
Completed 200 OK in 86ms (Views: 81.2ms | ActiveRecord: 0.0ms)


Started GET "/" for ::1 at 2020-05-16 13:11:46 -0500
Processing by HomeController#index as HTML
  Rendering home/index.html.erb
  Rendered home/_menu.html.erb (1.7ms)
  Rendered home/_slider.html.erb (2.3ms)
  Rendered home/index.html.erb (41.8ms)
Completed 200 OK in 53ms (Views: 49.4ms | ActiveRecord: 0.0ms)


Started GET "/" for ::1 at 2020-05-16 13:12:04 -0500
Processing by HomeController#index as HTML
  Rendering home/index.html.erb
  Rendered home/_menu.html.erb (1.3ms)
  Rendered home/_slider.html.erb (3.5ms)
  Rendered home/index.html.erb (94.0ms)
Completed 200 OK in 113ms (Views: 103.4ms | ActiveRecord: 0.0ms)


Started GET "/" for ::1 at 2020-05-16 13:12:07 -0500
Processing by HomeController#index as HTML
  Rendering home/index.html.erb
  Rendered home/_menu.html.erb (1.2ms)
  Rendered home/_slider.html.erb (2.4ms)
  Rendered home/index.html.erb (55.3ms)
Completed 200 OK in 67ms (Views: 63.8ms | ActiveRecord: 0.0ms)


Started GET "/" for ::1 at 2020-05-16 13:12:34 -0500
Processing by HomeController#index as HTML
  Rendering home/index.html.erb
  Rendered home/_menu.html.erb (1.2ms)
  Rendered home/_slider.html.erb (2.6ms)
  Rendered home/index.html.erb (73.2ms)
Completed 200 OK in 88ms (Views: 81.8ms | ActiveRecord: 0.0ms)


Started GET "/" for ::1 at 2020-05-16 13:13:43 -0500
Processing by HomeController#index as HTML
  Rendering home/index.html.erb
  Rendered home/_menu.html.erb (1.9ms)
  Rendered home/_slider.html.erb (5.5ms)
  Rendered home/_itinerario.html.erb (0.6ms)
  Rendered home/index.html.erb (110.9ms)
Completed 200 OK in 131ms (Views: 120.6ms | ActiveRecord: 0.0ms)


Started GET "/" for ::1 at 2020-05-16 13:13:46 -0500
Processing by HomeController#index as HTML
  Rendering home/index.html.erb
  Rendered home/_menu.html.erb (2.0ms)
  Rendered home/_slider.html.erb (4.3ms)
  Rendered home/_itinerario.html.erb (0.3ms)
  Rendered home/index.html.erb (50.4ms)
Completed 200 OK in 61ms (Views: 57.7ms | ActiveRecord: 0.0ms)


Started GET "/" for ::1 at 2020-05-16 13:13:47 -0500
Processing by HomeController#index as HTML
  Rendering home/index.html.erb
  Rendered home/_menu.html.erb (1.5ms)
  Rendered home/_slider.html.erb (4.6ms)
  Rendered home/_itinerario.html.erb (0.4ms)
  Rendered home/index.html.erb (60.1ms)
Completed 200 OK in 68ms (Views: 65.7ms | ActiveRecord: 0.0ms)


Started GET "/" for ::1 at 2020-05-16 13:17:44 -0500
Processing by HomeController#index as HTML
  Rendering home/index.html.erb
  Rendered home/_menu.html.erb (4.7ms)
  Rendered home/_slider.html.erb (8.3ms)
  Rendered home/_itinerario.html.erb (0.4ms)
  Rendered home/index.html.erb (140.0ms)
Completed 200 OK in 153ms (Views: 147.9ms | ActiveRecord: 0.0ms)


Started GET "/" for ::1 at 2020-05-16 13:18:55 -0500
Processing by HomeController#index as HTML
  Rendering home/index.html.erb
  Rendered home/_menu.html.erb (4.8ms)
  Rendered home/_slider.html.erb (7.2ms)
  Rendered home/_itinerario.html.erb (1.4ms)
  Rendered home/index.html.erb (145.3ms)
Completed 200 OK in 159ms (Views: 155.3ms | ActiveRecord: 0.0ms)


Started GET "/" for ::1 at 2020-05-16 13:19:02 -0500
Processing by HomeController#index as HTML
  Rendering home/index.html.erb
  Rendered home/_menu.html.erb (2.6ms)
  Rendered home/_slider.html.erb (5.1ms)
  Rendered home/_itinerario.html.erb (0.3ms)
  Rendered home/index.html.erb (94.3ms)
Completed 200 OK in 106ms (Views: 102.3ms | ActiveRecord: 0.0ms)


Started GET "/" for ::1 at 2020-05-16 13:19:13 -0500
Processing by HomeController#index as HTML
  Rendering home/index.html.erb
  Rendered home/_menu.html.erb (1.2ms)
  Rendered home/_slider.html.erb (9.2ms)
  Rendered home/_itinerario.html.erb (0.5ms)
  Rendered home/index.html.erb (192.2ms)
Completed 200 OK in 208ms (Views: 203.3ms | ActiveRecord: 0.0ms)


Started GET "/" for ::1 at 2020-05-16 13:23:50 -0500
Processing by HomeController#index as HTML
  Rendering home/index.html.erb
  Rendered home/_menu.html.erb (2.9ms)
  Rendered home/_slider.html.erb (7.5ms)
  Rendered home/_itinerario.html.erb (3.7ms)
  Rendered home/index.html.erb (115.8ms)
Completed 200 OK in 127ms (Views: 122.1ms | ActiveRecord: 0.0ms)


Started GET "/" for ::1 at 2020-05-16 13:24:15 -0500
Processing by HomeController#index as HTML
  Rendering home/index.html.erb
  Rendered home/_menu.html.erb (1.4ms)
  Rendered home/_slider.html.erb (4.8ms)
  Rendered home/_itinerario.html.erb (2.0ms)
  Rendered home/index.html.erb (76.4ms)
Completed 200 OK in 96ms (Views: 85.3ms | ActiveRecord: 0.0ms)


Started GET "/" for ::1 at 2020-05-16 13:24:17 -0500
Processing by HomeController#index as HTML
  Rendering home/index.html.erb
  Rendered home/_menu.html.erb (2.5ms)
  Rendered home/_slider.html.erb (12.2ms)
  Rendered home/_itinerario.html.erb (2.6ms)
  Rendered home/index.html.erb (72.4ms)
Completed 200 OK in 85ms (Views: 81.4ms | ActiveRecord: 0.0ms)


Started GET "/" for ::1 at 2020-05-16 13:24:42 -0500
Processing by HomeController#index as HTML
  Rendering home/index.html.erb
  Rendered home/_menu.html.erb (2.3ms)
  Rendered home/_slider.html.erb (6.0ms)
  Rendered home/_itinerario.html.erb (2.6ms)
  Rendered home/index.html.erb (75.8ms)
Completed 200 OK in 90ms (Views: 84.1ms | ActiveRecord: 0.0ms)


Started GET "/" for ::1 at 2020-05-16 13:25:09 -0500
Processing by HomeController#index as HTML
  Rendering home/index.html.erb
  Rendered home/_menu.html.erb (1.8ms)
  Rendered home/_slider.html.erb (6.6ms)
  Rendered home/_itinerario.html.erb (2.2ms)
  Rendered home/index.html.erb (78.7ms)
Completed 200 OK in 96ms (Views: 87.4ms | ActiveRecord: 0.0ms)


Started GET "/" for ::1 at 2020-05-16 13:25:13 -0500
Processing by HomeController#index as HTML
  Rendering home/index.html.erb
  Rendered home/_menu.html.erb (1.1ms)
  Rendered home/_slider.html.erb (2.6ms)
  Rendered home/_itinerario.html.erb (1.3ms)
  Rendered home/index.html.erb (48.2ms)
Completed 200 OK in 59ms (Views: 56.3ms | ActiveRecord: 0.0ms)


Started GET "/" for ::1 at 2020-05-16 13:25:29 -0500
Processing by HomeController#index as HTML
  Rendering home/index.html.erb
  Rendered home/_menu.html.erb (1.5ms)
  Rendered home/_slider.html.erb (4.0ms)
  Rendered home/_itinerario.html.erb (1.6ms)
  Rendered home/index.html.erb (85.2ms)
Completed 200 OK in 99ms (Views: 95.4ms | ActiveRecord: 0.0ms)


Started GET "/" for ::1 at 2020-05-16 13:25:47 -0500
Processing by HomeController#index as HTML
  Rendering home/index.html.erb
  Rendered home/_menu.html.erb (2.0ms)
  Rendered home/_slider.html.erb (30.7ms)
  Rendered home/_itinerario.html.erb (1.8ms)
  Rendered home/index.html.erb (148.4ms)
Completed 200 OK in 166ms (Views: 159.7ms | ActiveRecord: 0.0ms)


Started GET "/" for ::1 at 2020-05-16 13:25:49 -0500
Processing by HomeController#index as HTML
  Rendering home/index.html.erb
  Rendered home/_menu.html.erb (2.2ms)
  Rendered home/_slider.html.erb (2.6ms)
  Rendered home/_itinerario.html.erb (1.2ms)
  Rendered home/index.html.erb (49.7ms)
Completed 200 OK in 62ms (Views: 58.2ms | ActiveRecord: 0.0ms)


Started GET "/" for ::1 at 2020-05-16 13:26:12 -0500
Processing by HomeController#index as HTML
  Rendering home/index.html.erb
  Rendered home/_menu.html.erb (2.7ms)
  Rendered home/_slider.html.erb (3.2ms)
  Rendered home/_itinerario.html.erb (2.7ms)
  Rendered home/index.html.erb (92.0ms)
Completed 200 OK in 107ms (Views: 99.2ms | ActiveRecord: 0.0ms)


Started GET "/" for ::1 at 2020-05-16 13:26:27 -0500
Processing by HomeController#index as HTML
  Rendering home/index.html.erb
  Rendered home/_menu.html.erb (1.9ms)
  Rendered home/_slider.html.erb (4.3ms)
  Rendered home/_itinerario.html.erb (2.0ms)
  Rendered home/index.html.erb (75.4ms)
Completed 200 OK in 90ms (Views: 84.8ms | ActiveRecord: 0.0ms)


Started GET "/" for ::1 at 2020-05-16 13:31:52 -0500
  [1m[35m (3.5ms)[0m  [1m[35mSET NAMES utf8,  @@SESSION.sql_mode = CONCAT(CONCAT(@@sql_mode, ',STRICT_ALL_TABLES'), ',NO_AUTO_VALUE_ON_ZERO'),  @@SESSION.sql_auto_is_null = 0, @@SESSION.wait_timeout = 2147483[0m
  ↳ /Users/jeisson/.rvm/rubies/ruby-2.5.1/lib/ruby/gems/2.5.0/gems/sprockets-rails-3.2.1/lib/sprockets/rails/quiet_assets.rb:13
Processing by HomeController#index as HTML
  Rendering home/index.html.erb
  Rendered home/_menu.html.erb (3.1ms)
  Rendered home/_slider.html.erb (4.3ms)
  Rendered home/_itinerario.html.erb (1.6ms)
  Rendered home/_contactenos.html.erb (0.5ms)
  Rendered home/index.html.erb (93.3ms)
Completed 200 OK in 108ms (Views: 104.6ms | ActiveRecord: 0.0ms)


Started GET "/" for ::1 at 2020-05-16 13:35:59 -0500
Processing by HomeController#index as HTML
  Rendering home/index.html.erb
  Rendered home/_menu.html.erb (3.2ms)
  Rendered home/_slider.html.erb (3.6ms)
  Rendered home/_itinerario.html.erb (2.1ms)
  Rendered home/_contactenos.html.erb (0.6ms)
  Rendered home/index.html.erb (64.8ms)
Completed 200 OK in 74ms (Views: 70.8ms | ActiveRecord: 0.0ms)


Started GET "/" for ::1 at 2020-05-16 13:36:22 -0500
Processing by HomeController#index as HTML
  Rendering home/index.html.erb
  Rendered home/_menu.html.erb (2.5ms)
  Rendered home/_slider.html.erb (21.7ms)
  Rendered home/_itinerario.html.erb (2.2ms)
  Rendered home/_contactenos.html.erb (0.6ms)
  Rendered home/index.html.erb (103.3ms)
Completed 200 OK in 119ms (Views: 110.8ms | ActiveRecord: 0.0ms)


Started GET "/" for ::1 at 2020-05-16 13:36:49 -0500
Processing by HomeController#index as HTML
  Rendering home/index.html.erb
  Rendered home/_menu.html.erb (3.1ms)
  Rendered home/_slider.html.erb (8.0ms)
  Rendered home/_itinerario.html.erb (2.6ms)
  Rendered home/_contactenos.html.erb (0.9ms)
  Rendered home/index.html.erb (130.7ms)
Completed 200 OK in 152ms (Views: 139.5ms | ActiveRecord: 0.0ms)


Started GET "/" for ::1 at 2020-05-16 13:37:14 -0500
Processing by HomeController#index as HTML
  Rendering home/index.html.erb
  Rendered home/_menu.html.erb (2.0ms)
  Rendered home/_slider.html.erb (4.3ms)
  Rendered home/_itinerario.html.erb (2.4ms)
  Rendered home/_contactenos.html.erb (0.7ms)
  Rendered home/index.html.erb (101.7ms)
Completed 200 OK in 118ms (Views: 110.7ms | ActiveRecord: 0.0ms)


Started GET "/" for ::1 at 2020-05-16 13:38:57 -0500
Processing by HomeController#index as HTML
  Rendering home/index.html.erb
  Rendered home/_menu.html.erb (3.9ms)
  Rendered home/_slider.html.erb (8.1ms)
  Rendered home/_itinerario.html.erb (2.2ms)
  Rendered home/_contactenos.html.erb (0.9ms)
  Rendered home/index.html.erb (126.8ms)
Completed 200 OK in 141ms (Views: 135.2ms | ActiveRecord: 0.0ms)


Started GET "/" for ::1 at 2020-05-16 13:39:00 -0500
Processing by HomeController#index as HTML
  Rendering home/index.html.erb
  Rendered home/_menu.html.erb (2.2ms)
  Rendered home/_slider.html.erb (27.0ms)
  Rendered home/_itinerario.html.erb (11.2ms)
  Rendered home/_contactenos.html.erb (0.6ms)
  Rendered home/index.html.erb (239.3ms)
Completed 200 OK in 258ms (Views: 251.7ms | ActiveRecord: 0.0ms)


Started GET "/" for ::1 at 2020-05-16 13:43:07 -0500
Processing by HomeController#index as HTML
  Rendering home/index.html.erb
  Rendered home/_menu.html.erb (5.2ms)
  Rendered home/_slider.html.erb (11.5ms)
  Rendered home/_itinerario.html.erb (1.5ms)
  Rendered home/_contactenos.html.erb (0.4ms)
  Rendered home/index.html.erb (136.8ms)
Completed 200 OK in 151ms (Views: 147.1ms | ActiveRecord: 0.0ms)


Started GET "/" for ::1 at 2020-05-16 13:43:16 -0500
Processing by HomeController#index as HTML
  Rendering home/index.html.erb
  Rendered home/_menu.html.erb (3.4ms)
  Rendered home/_slider.html.erb (5.1ms)
  Rendered home/_itinerario.html.erb (2.7ms)
  Rendered home/_contactenos.html.erb (0.6ms)
  Rendered home/index.html.erb (81.4ms)
Completed 200 OK in 95ms (Views: 90.4ms | ActiveRecord: 0.0ms)


Started GET "/" for ::1 at 2020-05-16 13:43:17 -0500
Processing by HomeController#index as HTML
  Rendering home/index.html.erb
  Rendered home/_menu.html.erb (2.0ms)
  Rendered home/_slider.html.erb (5.1ms)
  Rendered home/_itinerario.html.erb (2.5ms)
  Rendered home/_contactenos.html.erb (0.7ms)
  Rendered home/index.html.erb (78.3ms)
Completed 200 OK in 90ms (Views: 86.4ms | ActiveRecord: 0.0ms)


Started GET "/" for ::1 at 2020-05-16 13:43:27 -0500
Processing by HomeController#index as HTML
  Rendering home/index.html.erb
  Rendered home/_menu.html.erb (2.1ms)
  Rendered home/_slider.html.erb (6.2ms)
  Rendered home/_itinerario.html.erb (2.1ms)
  Rendered home/_contactenos.html.erb (0.5ms)
  Rendered home/index.html.erb (99.8ms)
Completed 200 OK in 113ms (Views: 109.2ms | ActiveRecord: 0.0ms)


Started GET "/" for ::1 at 2020-05-16 13:43:49 -0500
Processing by HomeController#index as HTML
  Rendering home/index.html.erb
  Rendered home/_menu.html.erb (1.4ms)
  Rendered home/_slider.html.erb (8.1ms)
  Rendered home/_itinerario.html.erb (15.0ms)
  Rendered home/_contactenos.html.erb (0.4ms)
  Rendered home/index.html.erb (98.9ms)
Completed 200 OK in 108ms (Views: 103.8ms | ActiveRecord: 0.0ms)


Started GET "/" for ::1 at 2020-05-16 13:43:57 -0500
Processing by HomeController#index as HTML
  Rendering home/index.html.erb
  Rendered home/_menu.html.erb (2.6ms)
  Rendered home/_slider.html.erb (5.5ms)
  Rendered home/_itinerario.html.erb (2.7ms)
  Rendered home/_contactenos.html.erb (0.7ms)
  Rendered home/index.html.erb (106.7ms)
Completed 200 OK in 119ms (Views: 113.9ms | ActiveRecord: 0.0ms)


Started GET "/" for ::1 at 2020-05-16 13:44:20 -0500
Processing by HomeController#index as HTML
  Rendering home/index.html.erb
  Rendered home/_menu.html.erb (1.2ms)
  Rendered home/_slider.html.erb (4.5ms)
  Rendered home/_itinerario.html.erb (1.3ms)
  Rendered home/_contactenos.html.erb (0.3ms)
  Rendered home/index.html.erb (100.4ms)
Completed 200 OK in 114ms (Views: 109.6ms | ActiveRecord: 0.0ms)


Started GET "/" for ::1 at 2020-05-16 13:44:32 -0500
Processing by HomeController#index as HTML
  Rendering home/index.html.erb
  Rendered home/_menu.html.erb (1.2ms)
  Rendered home/_slider.html.erb (3.8ms)
  Rendered home/_itinerario.html.erb (1.3ms)
  Rendered home/_contactenos.html.erb (0.3ms)
  Rendered home/index.html.erb (105.6ms)
Completed 200 OK in 119ms (Views: 111.9ms | ActiveRecord: 0.0ms)


Started GET "/" for ::1 at 2020-05-16 13:44:34 -0500
Processing by HomeController#index as HTML
  Rendering home/index.html.erb
  Rendered home/_menu.html.erb (2.2ms)
  Rendered home/_slider.html.erb (4.6ms)
  Rendered home/_itinerario.html.erb (1.4ms)
  Rendered home/_contactenos.html.erb (0.4ms)
  Rendered home/index.html.erb (58.0ms)
Completed 200 OK in 67ms (Views: 63.5ms | ActiveRecord: 0.0ms)


Started GET "/" for ::1 at 2020-05-16 13:44:46 -0500
Processing by HomeController#index as HTML
  Rendering home/index.html.erb
  Rendered home/_menu.html.erb (2.2ms)
  Rendered home/_slider.html.erb (6.5ms)
  Rendered home/_itinerario.html.erb (2.7ms)
  Rendered home/_contactenos.html.erb (1.0ms)
  Rendered home/index.html.erb (173.4ms)
Completed 200 OK in 190ms (Views: 184.3ms | ActiveRecord: 0.0ms)


Started GET "/" for ::1 at 2020-05-16 13:45:28 -0500
Processing by HomeController#index as HTML
  Rendering home/index.html.erb
  Rendered home/_menu.html.erb (1.9ms)
  Rendered home/_slider.html.erb (2.7ms)
  Rendered home/_itinerario.html.erb (1.7ms)
  Rendered home/_contactenos.html.erb (0.4ms)
  Rendered home/index.html.erb (79.0ms)
Completed 200 OK in 90ms (Views: 86.4ms | ActiveRecord: 0.0ms)


Started GET "/" for ::1 at 2020-05-16 13:46:45 -0500
Processing by HomeController#index as HTML
  Rendering home/index.html.erb
  Rendered home/_menu.html.erb (2.8ms)
  Rendered home/_slider.html.erb (6.3ms)
  Rendered home/_itinerario.html.erb (2.2ms)
  Rendered home/_contactenos.html.erb (0.6ms)
  Rendered home/index.html.erb (91.7ms)
Completed 200 OK in 107ms (Views: 98.1ms | ActiveRecord: 0.0ms)


Started GET "/" for ::1 at 2020-05-16 13:47:31 -0500
Processing by HomeController#index as HTML
  Rendering home/index.html.erb
  Rendered home/_menu.html.erb (1.5ms)
  Rendered home/_slider.html.erb (5.0ms)
  Rendered home/_itinerario.html.erb (1.9ms)
  Rendered home/_contactenos.html.erb (0.6ms)
  Rendered home/index.html.erb (72.0ms)
Completed 200 OK in 84ms (Views: 80.6ms | ActiveRecord: 0.0ms)


Started GET "/" for ::1 at 2020-05-16 13:47:58 -0500
Processing by HomeController#index as HTML
  Rendering home/index.html.erb
  Rendered home/_menu.html.erb (3.3ms)
  Rendered home/_slider.html.erb (5.1ms)
  Rendered home/_itinerario.html.erb (2.3ms)
  Rendered home/_contactenos.html.erb (0.6ms)
  Rendered home/index.html.erb (98.3ms)
Completed 200 OK in 116ms (Views: 111.4ms | ActiveRecord: 0.0ms)


Started GET "/" for ::1 at 2020-05-16 13:49:17 -0500
Processing by HomeController#index as HTML
  Rendering home/index.html.erb
  Rendered home/_menu.html.erb (6.1ms)
  Rendered home/_slider.html.erb (6.0ms)
  Rendered home/_itinerario.html.erb (3.2ms)
  Rendered home/_contactenos.html.erb (0.9ms)
  Rendered home/index.html.erb (95.0ms)
Completed 200 OK in 116ms (Views: 109.5ms | ActiveRecord: 0.0ms)


Started GET "/" for ::1 at 2020-05-16 13:49:35 -0500
Processing by HomeController#index as HTML
  Rendering home/index.html.erb
  Rendered home/_menu.html.erb (1.4ms)
  Rendered home/_slider.html.erb (14.5ms)
  Rendered home/_itinerario.html.erb (1.8ms)
  Rendered home/_contactenos.html.erb (0.8ms)
  Rendered home/index.html.erb (96.2ms)
Completed 200 OK in 111ms (Views: 105.1ms | ActiveRecord: 0.0ms)


Started GET "/" for ::1 at 2020-05-16 13:49:45 -0500
Processing by HomeController#index as HTML
  Rendering home/index.html.erb
  Rendered home/_menu.html.erb (2.5ms)
  Rendered home/_slider.html.erb (4.3ms)
  Rendered home/_itinerario.html.erb (2.9ms)
  Rendered home/_contactenos.html.erb (0.9ms)
  Rendered home/index.html.erb (87.4ms)
Completed 200 OK in 102ms (Views: 95.6ms | ActiveRecord: 0.0ms)


Started GET "/" for ::1 at 2020-05-16 13:49:53 -0500
Processing by HomeController#index as HTML
  Rendering home/index.html.erb
  Rendered home/_menu.html.erb (2.0ms)
  Rendered home/_slider.html.erb (5.4ms)
  Rendered home/_itinerario.html.erb (2.3ms)
  Rendered home/_contactenos.html.erb (0.6ms)
  Rendered home/index.html.erb (84.2ms)
Completed 200 OK in 103ms (Views: 93.1ms | ActiveRecord: 0.0ms)


Started GET "/" for ::1 at 2020-05-16 13:50:40 -0500
Processing by HomeController#index as HTML
  Rendering home/index.html.erb
  Rendered home/_menu.html.erb (3.6ms)
  Rendered home/_slider.html.erb (5.1ms)
  Rendered home/_itinerario.html.erb (1.1ms)
  Rendered home/_contactenos.html.erb (5.2ms)
  Rendered home/index.html.erb (103.4ms)
Completed 200 OK in 114ms (Views: 108.9ms | ActiveRecord: 0.0ms)


Started GET "/" for ::1 at 2020-05-16 13:50:54 -0500
Processing by HomeController#index as HTML
  Rendering home/index.html.erb
  Rendered home/_menu.html.erb (2.9ms)
  Rendered home/_slider.html.erb (6.4ms)
  Rendered home/_itinerario.html.erb (1.5ms)
  Rendered home/_contactenos.html.erb (0.6ms)
  Rendered home/index.html.erb (101.5ms)
Completed 200 OK in 113ms (Views: 108.4ms | ActiveRecord: 0.0ms)


Started GET "/" for ::1 at 2020-05-16 13:51:08 -0500
Processing by HomeController#index as HTML
  Rendering home/index.html.erb
  Rendered home/_menu.html.erb (2.4ms)
  Rendered home/_slider.html.erb (7.6ms)
  Rendered home/_itinerario.html.erb (2.2ms)
  Rendered home/_contactenos.html.erb (0.6ms)
  Rendered home/index.html.erb (120.0ms)
Completed 200 OK in 134ms (Views: 126.9ms | ActiveRecord: 0.0ms)


Started GET "/" for ::1 at 2020-05-16 13:51:31 -0500
Processing by HomeController#index as HTML
  Rendering home/index.html.erb
  Rendered home/_menu.html.erb (2.1ms)
  Rendered home/_slider.html.erb (3.1ms)
  Rendered home/_itinerario.html.erb (1.5ms)
  Rendered home/_contactenos.html.erb (1.5ms)
  Rendered home/index.html.erb (87.3ms)
Completed 200 OK in 105ms (Views: 95.7ms | ActiveRecord: 0.0ms)


Started GET "/" for ::1 at 2020-05-16 13:51:46 -0500
Processing by HomeController#index as HTML
  Rendering home/index.html.erb
  Rendered home/_menu.html.erb (2.0ms)
  Rendered home/_slider.html.erb (3.6ms)
  Rendered home/_itinerario.html.erb (1.4ms)
  Rendered home/_contactenos.html.erb (0.5ms)
  Rendered home/index.html.erb (62.4ms)
Completed 200 OK in 72ms (Views: 68.1ms | ActiveRecord: 0.0ms)


Started GET "/" for ::1 at 2020-05-16 13:51:54 -0500
Processing by HomeController#index as HTML
  Rendering home/index.html.erb
  Rendered home/_menu.html.erb (3.1ms)
  Rendered home/_slider.html.erb (5.6ms)
  Rendered home/_itinerario.html.erb (2.0ms)
  Rendered home/_contactenos.html.erb (0.6ms)
  Rendered home/index.html.erb (78.6ms)
Completed 200 OK in 94ms (Views: 90.1ms | ActiveRecord: 0.0ms)


Started GET "/" for ::1 at 2020-05-16 13:52:08 -0500
Processing by HomeController#index as HTML
  Rendering home/index.html.erb
  Rendered home/_menu.html.erb (2.6ms)
  Rendered home/_slider.html.erb (10.2ms)
  Rendered home/_itinerario.html.erb (2.8ms)
  Rendered home/_contactenos.html.erb (0.7ms)
  Rendered home/index.html.erb (84.5ms)
Completed 200 OK in 96ms (Views: 90.9ms | ActiveRecord: 0.0ms)


Started GET "/" for ::1 at 2020-05-16 13:52:09 -0500
Processing by HomeController#index as HTML
  Rendering home/index.html.erb
  Rendered home/_menu.html.erb (1.9ms)
  Rendered home/_slider.html.erb (3.9ms)
  Rendered home/_itinerario.html.erb (1.2ms)
  Rendered home/_contactenos.html.erb (0.4ms)
  Rendered home/index.html.erb (68.2ms)
Completed 200 OK in 76ms (Views: 73.4ms | ActiveRecord: 0.0ms)


Started GET "/" for ::1 at 2020-05-16 13:52:17 -0500
Processing by HomeController#index as HTML
  Rendering home/index.html.erb
  Rendered home/_menu.html.erb (4.8ms)
  Rendered home/_slider.html.erb (25.5ms)
  Rendered home/_itinerario.html.erb (3.1ms)
  Rendered home/_contactenos.html.erb (0.7ms)
  Rendered home/index.html.erb (189.0ms)
Completed 200 OK in 204ms (Views: 199.8ms | ActiveRecord: 0.0ms)


Started GET "/" for ::1 at 2020-05-16 13:52:26 -0500
Processing by HomeController#index as HTML
  Rendering home/index.html.erb
  Rendered home/_menu.html.erb (2.1ms)
  Rendered home/_slider.html.erb (6.4ms)
  Rendered home/_itinerario.html.erb (2.3ms)
  Rendered home/_contactenos.html.erb (0.6ms)
  Rendered home/index.html.erb (99.4ms)
Completed 200 OK in 116ms (Views: 108.5ms | ActiveRecord: 0.0ms)


Started GET "/" for ::1 at 2020-05-16 13:52:29 -0500
Processing by HomeController#index as HTML
  Rendering home/index.html.erb
  Rendered home/_menu.html.erb (1.2ms)
  Rendered home/_slider.html.erb (3.0ms)
  Rendered home/_itinerario.html.erb (1.4ms)
  Rendered home/_contactenos.html.erb (0.6ms)
  Rendered home/index.html.erb (51.8ms)
Completed 200 OK in 59ms (Views: 56.2ms | ActiveRecord: 0.0ms)


Started GET "/" for ::1 at 2020-05-16 13:52:56 -0500
Processing by HomeController#index as HTML
  Rendering home/index.html.erb
  Rendered home/_menu.html.erb (2.6ms)
  Rendered home/_slider.html.erb (7.6ms)
  Rendered home/_itinerario.html.erb (2.3ms)
  Rendered home/_contactenos.html.erb (0.4ms)
  Rendered home/index.html.erb (163.2ms)
Completed 200 OK in 177ms (Views: 171.9ms | ActiveRecord: 0.0ms)


Started GET "/" for ::1 at 2020-05-16 13:53:07 -0500
Processing by HomeController#index as HTML
  Rendering home/index.html.erb
  Rendered home/_menu.html.erb (1.7ms)
  Rendered home/_slider.html.erb (4.3ms)
  Rendered home/_itinerario.html.erb (1.3ms)
  Rendered home/_contactenos.html.erb (0.3ms)
  Rendered home/index.html.erb (89.6ms)
Completed 200 OK in 100ms (Views: 97.0ms | ActiveRecord: 0.0ms)


Started GET "/" for ::1 at 2020-05-16 13:53:20 -0500
Processing by HomeController#index as HTML
  Rendering home/index.html.erb
  Rendered home/_menu.html.erb (2.6ms)
  Rendered home/_slider.html.erb (9.6ms)
  Rendered home/_itinerario.html.erb (6.8ms)
  Rendered home/_contactenos.html.erb (1.1ms)
  Rendered home/index.html.erb (126.9ms)
Completed 200 OK in 147ms (Views: 139.1ms | ActiveRecord: 0.0ms)


Started GET "/" for ::1 at 2020-05-16 13:53:38 -0500
Processing by HomeController#index as HTML
  Rendering home/index.html.erb
  Rendered home/_menu.html.erb (1.7ms)
  Rendered home/_slider.html.erb (12.2ms)
  Rendered home/_itinerario.html.erb (2.6ms)
  Rendered home/_contactenos.html.erb (0.5ms)
  Rendered home/index.html.erb (82.3ms)
Completed 200 OK in 93ms (Views: 90.2ms | ActiveRecord: 0.0ms)


Started GET "/" for ::1 at 2020-05-16 13:53:47 -0500
Processing by HomeController#index as HTML
  Rendering home/index.html.erb
  Rendered home/_menu.html.erb (2.7ms)
  Rendered home/_slider.html.erb (4.3ms)
  Rendered home/_itinerario.html.erb (1.2ms)
  Rendered home/_contactenos.html.erb (1.0ms)
  Rendered home/index.html.erb (80.2ms)
Completed 200 OK in 92ms (Views: 88.0ms | ActiveRecord: 0.0ms)


Started GET "/" for ::1 at 2020-05-16 13:53:56 -0500
Processing by HomeController#index as HTML
  Rendering home/index.html.erb
  Rendered home/_menu.html.erb (1.7ms)
  Rendered home/_slider.html.erb (4.4ms)
  Rendered home/_itinerario.html.erb (1.4ms)
  Rendered home/_contactenos.html.erb (0.4ms)
  Rendered home/index.html.erb (76.0ms)
Completed 200 OK in 90ms (Views: 83.9ms | ActiveRecord: 0.0ms)


Started GET "/" for ::1 at 2020-05-16 13:54:35 -0500
Processing by HomeController#index as HTML
  Rendering home/index.html.erb
  Rendered home/_menu.html.erb (3.4ms)
  Rendered home/_slider.html.erb (7.8ms)
  Rendered home/_itinerario.html.erb (2.2ms)
  Rendered home/_contactenos.html.erb (0.4ms)
  Rendered home/index.html.erb (135.5ms)
Completed 200 OK in 149ms (Views: 143.9ms | ActiveRecord: 0.0ms)


Started GET "/" for ::1 at 2020-05-16 13:54:45 -0500
Processing by HomeController#index as HTML
  Rendering home/index.html.erb
  Rendered home/_menu.html.erb (2.0ms)
  Rendered home/_slider.html.erb (6.6ms)
  Rendered home/_itinerario.html.erb (4.1ms)
  Rendered home/_contactenos.html.erb (0.5ms)
  Rendered home/index.html.erb (118.6ms)
Completed 200 OK in 137ms (Views: 129.0ms | ActiveRecord: 0.0ms)


Started GET "/" for ::1 at 2020-05-16 13:54:52 -0500
Processing by HomeController#index as HTML
  Rendering home/index.html.erb
  Rendered home/_menu.html.erb (2.1ms)
  Rendered home/_slider.html.erb (2.6ms)
  Rendered home/_itinerario.html.erb (1.2ms)
  Rendered home/_contactenos.html.erb (0.4ms)
  Rendered home/index.html.erb (64.6ms)
Completed 200 OK in 80ms (Views: 75.1ms | ActiveRecord: 0.0ms)


Started GET "/" for ::1 at 2020-05-16 13:56:34 -0500
Processing by HomeController#index as HTML
  Rendering home/index.html.erb
  Rendered home/_menu.html.erb (2.3ms)
  Rendered home/_slider.html.erb (4.6ms)
  Rendered home/_itinerario.html.erb (2.1ms)
  Rendered home/_contactenos.html.erb (0.3ms)
  Rendered home/index.html.erb (95.4ms)
Completed 200 OK in 111ms (Views: 104.3ms | ActiveRecord: 0.0ms)


Started GET "/" for ::1 at 2020-05-16 13:56:50 -0500
Processing by HomeController#index as HTML
  Rendering home/index.html.erb
  Rendered home/_menu.html.erb (3.4ms)
  Rendered home/_slider.html.erb (9.8ms)
  Rendered home/_itinerario.html.erb (2.1ms)
  Rendered home/_contactenos.html.erb (0.7ms)
  Rendered home/index.html.erb (197.2ms)
Completed 200 OK in 225ms (Views: 216.1ms | ActiveRecord: 0.0ms)


Started GET "/" for ::1 at 2020-05-16 13:57:06 -0500
Processing by HomeController#index as HTML
  Rendering home/index.html.erb
  Rendered home/_menu.html.erb (2.2ms)
  Rendered home/_slider.html.erb (5.6ms)
  Rendered home/_itinerario.html.erb (1.3ms)
  Rendered home/_contactenos.html.erb (0.5ms)
  Rendered home/index.html.erb (97.7ms)
Completed 200 OK in 114ms (Views: 106.1ms | ActiveRecord: 0.0ms)


Started GET "/" for ::1 at 2020-05-16 13:57:06 -0500
Processing by HomeController#index as HTML
  Rendering home/index.html.erb
  Rendered home/_menu.html.erb (2.8ms)
  Rendered home/_slider.html.erb (5.4ms)
  Rendered home/_itinerario.html.erb (3.6ms)
  Rendered home/_contactenos.html.erb (0.5ms)
  Rendered home/index.html.erb (98.8ms)
Completed 200 OK in 110ms (Views: 106.6ms | ActiveRecord: 0.0ms)


Started GET "/" for ::1 at 2020-05-16 13:57:49 -0500
Processing by HomeController#index as HTML
  Rendering home/index.html.erb
  Rendered home/_menu.html.erb (2.5ms)
  Rendered home/_slider.html.erb (4.3ms)
  Rendered home/_itinerario.html.erb (3.5ms)
  Rendered home/_contactenos.html.erb (0.8ms)
  Rendered home/index.html.erb (135.1ms)
Completed 200 OK in 146ms (Views: 142.0ms | ActiveRecord: 0.0ms)


Started GET "/" for ::1 at 2020-05-16 13:58:01 -0500
Processing by HomeController#index as HTML
  Rendering home/index.html.erb
  Rendered home/_menu.html.erb (2.4ms)
  Rendered home/_slider.html.erb (8.2ms)
  Rendered home/_itinerario.html.erb (4.8ms)
  Rendered home/_contactenos.html.erb (1.4ms)
  Rendered home/index.html.erb (124.5ms)
Completed 200 OK in 140ms (Views: 131.5ms | ActiveRecord: 0.0ms)


Started GET "/" for ::1 at 2020-05-16 13:59:37 -0500
Processing by HomeController#index as HTML
  Rendering home/index.html.erb
  Rendered home/_menu.html.erb (3.3ms)
  Rendered home/_slider.html.erb (8.9ms)
  Rendered home/_itinerario.html.erb (2.6ms)
  Rendered home/_contactenos.html.erb (0.6ms)
  Rendered home/index.html.erb (133.8ms)
Completed 200 OK in 143ms (Views: 139.9ms | ActiveRecord: 0.0ms)


Started GET "/" for ::1 at 2020-05-16 13:59:46 -0500
Processing by HomeController#index as HTML
  Rendering home/index.html.erb
  Rendered home/_menu.html.erb (17.0ms)
  Rendered home/_slider.html.erb (2.4ms)
  Rendered home/_itinerario.html.erb (1.6ms)
  Rendered home/_contactenos.html.erb (0.7ms)
  Rendered home/index.html.erb (99.4ms)
Completed 200 OK in 118ms (Views: 107.9ms | ActiveRecord: 0.0ms)


Started GET "/" for ::1 at 2020-05-16 14:00:07 -0500
Processing by HomeController#index as HTML
  Rendering home/index.html.erb
  Rendered home/_menu.html.erb (2.1ms)
  Rendered home/_slider.html.erb (5.0ms)
  Rendered home/_itinerario.html.erb (1.7ms)
  Rendered home/_contactenos.html.erb (1.4ms)
  Rendered home/index.html.erb (99.0ms)
Completed 200 OK in 113ms (Views: 105.8ms | ActiveRecord: 0.0ms)


Started GET "/" for ::1 at 2020-05-16 14:00:26 -0500
Processing by HomeController#index as HTML
  Rendering home/index.html.erb
  Rendered home/_menu.html.erb (6.8ms)
  Rendered home/_slider.html.erb (7.0ms)
  Rendered home/_itinerario.html.erb (3.6ms)
  Rendered home/_contactenos.html.erb (0.8ms)
  Rendered home/index.html.erb (144.7ms)
Completed 200 OK in 162ms (Views: 156.8ms | ActiveRecord: 0.0ms)


Started GET "/" for ::1 at 2020-05-16 14:01:00 -0500
Processing by HomeController#index as HTML
  Rendering home/index.html.erb
  Rendered home/_menu.html.erb (1.9ms)
  Rendered home/_slider.html.erb (4.9ms)
  Rendered home/_itinerario.html.erb (2.1ms)
  Rendered home/_contactenos.html.erb (0.7ms)
  Rendered home/index.html.erb (83.2ms)
Completed 200 OK in 100ms (Views: 91.5ms | ActiveRecord: 0.0ms)


Started GET "/" for ::1 at 2020-05-16 14:01:58 -0500
Processing by HomeController#index as HTML
  Rendering home/index.html.erb
  Rendered home/_menu.html.erb (1.6ms)
  Rendered home/_slider.html.erb (4.7ms)
  Rendered home/_itinerario.html.erb (2.3ms)
  Rendered home/_contactenos.html.erb (0.5ms)
  Rendered home/index.html.erb (103.8ms)
Completed 200 OK in 117ms (Views: 113.2ms | ActiveRecord: 0.0ms)


Started GET "/" for ::1 at 2020-05-16 14:02:08 -0500
Processing by HomeController#index as HTML
  Rendering home/index.html.erb
  Rendered home/_menu.html.erb (1.9ms)
  Rendered home/_slider.html.erb (18.4ms)
  Rendered home/_itinerario.html.erb (4.1ms)
  Rendered home/_contactenos.html.erb (0.6ms)
  Rendered home/index.html.erb (141.4ms)
Completed 200 OK in 155ms (Views: 150.1ms | ActiveRecord: 0.0ms)


Started GET "/" for ::1 at 2020-05-16 14:03:03 -0500
Processing by HomeController#index as HTML
  Rendering home/index.html.erb
  Rendered home/_menu.html.erb (2.2ms)
  Rendered home/_slider.html.erb (5.7ms)
  Rendered home/_itinerario.html.erb (2.5ms)
  Rendered home/_contactenos.html.erb (0.5ms)
  Rendered home/index.html.erb (67.7ms)
Completed 200 OK in 78ms (Views: 74.2ms | ActiveRecord: 0.0ms)


Started GET "/" for ::1 at 2020-05-16 14:04:15 -0500
Processing by HomeController#index as HTML
  Rendering home/index.html.erb
  Rendered home/_menu.html.erb (3.8ms)
  Rendered home/_slider.html.erb (8.3ms)
  Rendered home/_itinerario.html.erb (2.7ms)
  Rendered home/_contactenos.html.erb (1.4ms)
  Rendered home/index.html.erb (178.1ms)
Completed 200 OK in 193ms (Views: 186.6ms | ActiveRecord: 0.0ms)


Started GET "/" for ::1 at 2020-05-16 14:04:24 -0500
Processing by HomeController#index as HTML
  Rendering home/index.html.erb
  Rendered home/_menu.html.erb (3.3ms)
  Rendered home/_slider.html.erb (9.6ms)
  Rendered home/_itinerario.html.erb (15.8ms)
  Rendered home/_contactenos.html.erb (1.0ms)
  Rendered home/index.html.erb (191.4ms)
Completed 200 OK in 206ms (Views: 200.7ms | ActiveRecord: 0.0ms)


Started GET "/" for ::1 at 2020-05-16 14:04:31 -0500
Processing by HomeController#index as HTML
  Rendering home/index.html.erb
  Rendered home/_menu.html.erb (3.5ms)
  Rendered home/_slider.html.erb (5.2ms)
  Rendered home/_itinerario.html.erb (4.1ms)
  Rendered home/_contactenos.html.erb (1.2ms)
  Rendered home/index.html.erb (151.0ms)
Completed 200 OK in 169ms (Views: 161.0ms | ActiveRecord: 0.0ms)


Started GET "/" for ::1 at 2020-05-16 14:05:04 -0500
Processing by HomeController#index as HTML
  Rendering home/index.html.erb
  Rendered home/_menu.html.erb (2.8ms)
  Rendered home/_slider.html.erb (6.3ms)
  Rendered home/_itinerario.html.erb (2.4ms)
  Rendered home/_contactenos.html.erb (0.6ms)
  Rendered home/index.html.erb (128.4ms)
Completed 200 OK in 145ms (Views: 136.7ms | ActiveRecord: 0.0ms)


Started GET "/" for ::1 at 2020-05-16 14:06:15 -0500
Processing by HomeController#index as HTML
  Rendering home/index.html.erb
  Rendered home/_menu.html.erb (4.7ms)
  Rendered home/_slider.html.erb (7.1ms)
  Rendered home/_itinerario.html.erb (1.6ms)
  Rendered home/_contactenos.html.erb (0.4ms)
  Rendered home/index.html.erb (125.2ms)
Completed 200 OK in 137ms (Views: 132.5ms | ActiveRecord: 0.0ms)


Started GET "/" for ::1 at 2020-05-16 14:07:05 -0500
Processing by HomeController#index as HTML
  Rendering home/index.html.erb
  Rendered home/_menu.html.erb (3.8ms)
  Rendered home/_slider.html.erb (7.3ms)
  Rendered home/_itinerario.html.erb (2.0ms)
  Rendered home/_contactenos.html.erb (0.4ms)
  Rendered home/index.html.erb (146.9ms)
Completed 200 OK in 165ms (Views: 157.2ms | ActiveRecord: 0.0ms)


Started GET "/" for ::1 at 2020-05-16 14:07:16 -0500
Processing by HomeController#index as HTML
  Rendering home/index.html.erb
  Rendered home/_menu.html.erb (3.0ms)
  Rendered home/_slider.html.erb (7.1ms)
  Rendered home/_itinerario.html.erb (4.0ms)
  Rendered home/_contactenos.html.erb (0.7ms)
  Rendered home/index.html.erb (139.1ms)
Completed 200 OK in 157ms (Views: 148.6ms | ActiveRecord: 0.0ms)


Started GET "/" for ::1 at 2020-05-16 14:07:30 -0500
Processing by HomeController#index as HTML
  Rendering home/index.html.erb
  Rendered home/_menu.html.erb (2.5ms)
  Rendered home/_slider.html.erb (3.1ms)
  Rendered home/_itinerario.html.erb (1.2ms)
  Rendered home/_contactenos.html.erb (0.8ms)
  Rendered home/index.html.erb (87.9ms)
Completed 200 OK in 108ms (Views: 99.6ms | ActiveRecord: 0.0ms)


Started GET "/" for ::1 at 2020-05-16 14:07:53 -0500
Processing by HomeController#index as HTML
  Rendering home/index.html.erb
  Rendered home/_menu.html.erb (7.1ms)
  Rendered home/_slider.html.erb (6.2ms)
  Rendered home/_itinerario.html.erb (5.4ms)
  Rendered home/_contactenos.html.erb (1.4ms)
  Rendered home/index.html.erb (255.6ms)
Completed 200 OK in 301ms (Views: 293.2ms | ActiveRecord: 0.0ms)


Started GET "/" for ::1 at 2020-05-16 14:08:14 -0500
Processing by HomeController#index as HTML
  Rendering home/index.html.erb
  Rendered home/_menu.html.erb (2.1ms)
  Rendered home/_slider.html.erb (12.3ms)
  Rendered home/_itinerario.html.erb (3.2ms)
  Rendered home/_contactenos.html.erb (1.0ms)
  Rendered home/index.html.erb (221.3ms)
Completed 200 OK in 237ms (Views: 228.8ms | ActiveRecord: 0.0ms)


Started GET "/" for ::1 at 2020-05-16 14:09:16 -0500
Processing by HomeController#index as HTML
  Rendering home/index.html.erb
  Rendered home/_menu.html.erb (5.5ms)
  Rendered home/_slider.html.erb (21.2ms)
  Rendered home/_itinerario.html.erb (1.5ms)
  Rendered home/_contactenos.html.erb (0.6ms)
  Rendered home/index.html.erb (207.3ms)
Completed 200 OK in 222ms (Views: 215.1ms | ActiveRecord: 0.0ms)


Started GET "/" for ::1 at 2020-05-16 14:09:26 -0500
Processing by HomeController#index as HTML
  Rendering home/index.html.erb
  Rendered home/_menu.html.erb (2.6ms)
  Rendered home/_slider.html.erb (45.4ms)
  Rendered home/_itinerario.html.erb (3.2ms)
  Rendered home/_contactenos.html.erb (0.5ms)
  Rendered home/index.html.erb (214.4ms)
Completed 200 OK in 237ms (Views: 224.6ms | ActiveRecord: 0.0ms)


Started GET "/" for ::1 at 2020-05-16 14:10:07 -0500
Processing by HomeController#index as HTML
  Rendering home/index.html.erb
  Rendered home/_menu.html.erb (2.1ms)
  Rendered home/_slider.html.erb (5.7ms)
  Rendered home/_itinerario.html.erb (4.1ms)
  Rendered home/_contactenos.html.erb (0.6ms)
  Rendered home/index.html.erb (90.2ms)
Completed 200 OK in 105ms (Views: 98.7ms | ActiveRecord: 0.0ms)


Started GET "/" for ::1 at 2020-05-16 14:10:17 -0500
Processing by HomeController#index as HTML
  Rendering home/index.html.erb
  Rendered home/_menu.html.erb (2.7ms)
  Rendered home/_slider.html.erb (5.7ms)
  Rendered home/_itinerario.html.erb (2.1ms)
  Rendered home/_contactenos.html.erb (0.6ms)
  Rendered home/index.html.erb (147.2ms)
Completed 200 OK in 172ms (Views: 164.7ms | ActiveRecord: 0.0ms)


Started GET "/" for ::1 at 2020-05-16 14:10:33 -0500
Processing by HomeController#index as HTML
  Rendering home/index.html.erb
  Rendered home/_menu.html.erb (2.1ms)
  Rendered home/_slider.html.erb (4.9ms)
  Rendered home/_itinerario.html.erb (1.3ms)
  Rendered home/_contactenos.html.erb (0.6ms)
  Rendered home/index.html.erb (101.8ms)
Completed 200 OK in 115ms (Views: 111.2ms | ActiveRecord: 0.0ms)


Started GET "/" for ::1 at 2020-05-16 14:10:36 -0500
Processing by HomeController#index as HTML
  Rendering home/index.html.erb
  Rendered home/_menu.html.erb (5.7ms)
  Rendered home/_slider.html.erb (12.7ms)
  Rendered home/_itinerario.html.erb (9.6ms)
  Rendered home/_contactenos.html.erb (0.8ms)
  Rendered home/index.html.erb (193.1ms)
Completed 200 OK in 221ms (Views: 216.3ms | ActiveRecord: 0.0ms)


Started GET "/" for ::1 at 2020-05-16 14:10:46 -0500
Processing by HomeController#index as HTML
  Rendering home/index.html.erb
  Rendered home/_menu.html.erb (1.9ms)
  Rendered home/_slider.html.erb (3.8ms)
  Rendered home/_itinerario.html.erb (2.1ms)
  Rendered home/_contactenos.html.erb (0.7ms)
  Rendered home/index.html.erb (94.7ms)
Completed 200 OK in 109ms (Views: 104.5ms | ActiveRecord: 0.0ms)


Started GET "/" for ::1 at 2020-05-16 14:11:17 -0500
Processing by HomeController#index as HTML
  Rendering home/index.html.erb
  Rendered home/_menu.html.erb (2.6ms)
  Rendered home/_slider.html.erb (7.4ms)
  Rendered home/_itinerario.html.erb (2.8ms)
  Rendered home/_contactenos.html.erb (0.5ms)
  Rendered home/index.html.erb (87.7ms)
Completed 200 OK in 101ms (Views: 96.5ms | ActiveRecord: 0.0ms)


Started GET "/" for ::1 at 2020-05-16 14:11:27 -0500
Processing by HomeController#index as HTML
  Rendering home/index.html.erb
  Rendered home/_menu.html.erb (1.9ms)
  Rendered home/_slider.html.erb (5.5ms)
  Rendered home/_itinerario.html.erb (2.9ms)
  Rendered home/_contactenos.html.erb (0.6ms)
  Rendered home/index.html.erb (161.0ms)
Completed 200 OK in 181ms (Views: 172.8ms | ActiveRecord: 0.0ms)


Started GET "/" for ::1 at 2020-05-16 14:11:39 -0500
Processing by HomeController#index as HTML
  Rendering home/index.html.erb
  Rendered home/_menu.html.erb (9.1ms)
  Rendered home/_slider.html.erb (11.8ms)
  Rendered home/_itinerario.html.erb (2.1ms)
  Rendered home/_contactenos.html.erb (0.5ms)
  Rendered home/index.html.erb (223.0ms)
Completed 200 OK in 244ms (Views: 237.0ms | ActiveRecord: 0.0ms)


Started GET "/" for ::1 at 2020-05-16 14:12:29 -0500
Processing by HomeController#index as HTML
  Rendering home/index.html.erb
  Rendered home/_menu.html.erb (2.1ms)
  Rendered home/_slider.html.erb (3.6ms)
  Rendered home/_itinerario.html.erb (2.7ms)
  Rendered home/_contactenos.html.erb (0.6ms)
  Rendered home/index.html.erb (65.0ms)
Completed 200 OK in 76ms (Views: 72.8ms | ActiveRecord: 0.0ms)


Started GET "/" for ::1 at 2020-05-16 14:12:40 -0500
Processing by HomeController#index as HTML
  Rendering home/index.html.erb
  Rendered home/_menu.html.erb (2.1ms)
  Rendered home/_slider.html.erb (5.0ms)
  Rendered home/_itinerario.html.erb (2.5ms)
  Rendered home/_contactenos.html.erb (0.6ms)
  Rendered home/index.html.erb (93.0ms)
Completed 200 OK in 105ms (Views: 101.4ms | ActiveRecord: 0.0ms)


Started GET "/" for ::1 at 2020-05-16 14:12:55 -0500
Processing by HomeController#index as HTML
  Rendering home/index.html.erb
  Rendered home/_menu.html.erb (2.2ms)
  Rendered home/_slider.html.erb (3.9ms)
  Rendered home/_itinerario.html.erb (3.3ms)
  Rendered home/_contactenos.html.erb (0.9ms)
  Rendered home/index.html.erb (84.0ms)
Completed 200 OK in 98ms (Views: 93.4ms | ActiveRecord: 0.0ms)


Started GET "/" for ::1 at 2020-05-16 14:13:02 -0500
Processing by HomeController#index as HTML
  Rendering home/index.html.erb
  Rendered home/_menu.html.erb (2.4ms)
  Rendered home/_slider.html.erb (4.5ms)
  Rendered home/_itinerario.html.erb (2.8ms)
  Rendered home/_contactenos.html.erb (0.5ms)
  Rendered home/index.html.erb (114.8ms)
Completed 200 OK in 128ms (Views: 123.4ms | ActiveRecord: 0.0ms)


Started GET "/" for ::1 at 2020-05-16 14:13:10 -0500
Processing by HomeController#index as HTML
  Rendering home/index.html.erb
  Rendered home/_menu.html.erb (1.2ms)
  Rendered home/_slider.html.erb (2.7ms)
  Rendered home/_itinerario.html.erb (1.3ms)
  Rendered home/_contactenos.html.erb (0.4ms)
  Rendered home/index.html.erb (51.5ms)
Completed 200 OK in 63ms (Views: 58.8ms | ActiveRecord: 0.0ms)


Started GET "/" for ::1 at 2020-05-16 14:14:15 -0500
Processing by HomeController#index as HTML
  Rendering home/index.html.erb
  Rendered home/_menu.html.erb (28.2ms)
  Rendered home/_slider.html.erb (4.7ms)
  Rendered home/_itinerario.html.erb (5.9ms)
  Rendered home/_contactenos.html.erb (1.0ms)
  Rendered home/index.html.erb (143.0ms)
Completed 200 OK in 152ms (Views: 148.6ms | ActiveRecord: 0.0ms)


Started GET "/" for ::1 at 2020-05-16 14:14:17 -0500
Processing by HomeController#index as HTML
  Rendering home/index.html.erb
  Rendered home/_menu.html.erb (1.4ms)
  Rendered home/_slider.html.erb (4.7ms)
  Rendered home/_itinerario.html.erb (1.3ms)
  Rendered home/_contactenos.html.erb (0.5ms)
  Rendered home/index.html.erb (67.0ms)
Completed 200 OK in 83ms (Views: 76.4ms | ActiveRecord: 0.0ms)


Started GET "/" for ::1 at 2020-05-16 14:14:20 -0500
Processing by HomeController#index as HTML
  Rendering home/index.html.erb
  Rendered home/_menu.html.erb (2.6ms)
  Rendered home/_slider.html.erb (5.6ms)
  Rendered home/_itinerario.html.erb (1.5ms)
  Rendered home/_contactenos.html.erb (0.4ms)
  Rendered home/index.html.erb (100.4ms)
Completed 200 OK in 122ms (Views: 118.5ms | ActiveRecord: 0.0ms)


Started GET "/" for ::1 at 2020-05-16 14:14:44 -0500
Processing by HomeController#index as HTML
  Rendering home/index.html.erb
  Rendered home/_menu.html.erb (1.5ms)
  Rendered home/_slider.html.erb (3.1ms)
  Rendered home/_itinerario.html.erb (4.0ms)
  Rendered home/_contactenos.html.erb (0.4ms)
  Rendered home/index.html.erb (97.1ms)
Completed 200 OK in 111ms (Views: 105.0ms | ActiveRecord: 0.0ms)


Started GET "/" for ::1 at 2020-05-16 14:14:47 -0500
Processing by HomeController#index as HTML
  Rendering home/index.html.erb
  Rendered home/_menu.html.erb (1.3ms)
  Rendered home/_slider.html.erb (2.6ms)
  Rendered home/_itinerario.html.erb (1.1ms)
  Rendered home/_contactenos.html.erb (0.3ms)
  Rendered home/index.html.erb (49.5ms)
Completed 200 OK in 60ms (Views: 57.1ms | ActiveRecord: 0.0ms)


Started GET "/" for ::1 at 2020-05-16 14:14:49 -0500
Processing by HomeController#index as HTML
  Rendering home/index.html.erb
  Rendered home/_menu.html.erb (1.3ms)
  Rendered home/_slider.html.erb (2.5ms)
  Rendered home/_itinerario.html.erb (1.2ms)
  Rendered home/_contactenos.html.erb (0.3ms)
  Rendered home/index.html.erb (73.0ms)
Completed 200 OK in 85ms (Views: 82.6ms | ActiveRecord: 0.0ms)


Started GET "/" for ::1 at 2020-05-16 14:14:57 -0500
Processing by HomeController#index as HTML
  Rendering home/index.html.erb
  Rendered home/_menu.html.erb (1.3ms)
  Rendered home/_slider.html.erb (2.7ms)
  Rendered home/_itinerario.html.erb (1.3ms)
  Rendered home/_contactenos.html.erb (0.3ms)
  Rendered home/index.html.erb (73.9ms)
Completed 200 OK in 88ms (Views: 83.6ms | ActiveRecord: 0.0ms)


